INFO - 2023-06-25 00:03:22 --> --Soy el filtro encontre estos permisos : eyJ0eXAiOiJKV1QiLCJhbGciOiJIUzI1NiJ9.eyJlbWFpbCI6ImF4ZWx4MzNAaG90bWFpbC5jb20iLCJleHAiOjE2ODc2NTM5Mzh9.ARz8sgRMiK5DJfslt-XMOPQivUpwq6OvetnxBMPJwu4
INFO - 2023-06-25 00:03:22 --> Prueba test : object
INFO - 2023-06-25 00:03:22 --> Prueba test ----> : usuario1@example.com
INFO - 2023-06-25 00:03:22 --> Usuario buscado de la BD ----> : John
INFO - 2023-06-25 00:16:47 --> --Soy el filtro encontre estos permisos : eyJ0eXAiOiJKV1QiLCJhbGciOiJIUzI1NiJ9.eyJlbWFpbCI6ImF4ZWx4MzNAaG90bWFpbC5jb20iLCJleHAiOjE2ODc2NTM5Mzh9.ARz8sgRMiK5DJfslt-XMOPQivUpwq6OvetnxBMPJwu4
INFO - 2023-06-25 00:16:47 --> Prueba test : object
INFO - 2023-06-25 00:16:47 --> Prueba test ----> : usuario1@example.com
INFO - 2023-06-25 00:16:47 --> Usuario buscado de la BD ----> : John
INFO - 2023-06-25 00:34:43 --> --Soy el filtro encontre estos permisos : eyJ0eXAiOiJKV1QiLCJhbGciOiJIUzI1NiJ9.eyJlbWFpbCI6ImF4ZWx4MzNAaG90bWFpbC5jb20iLCJleHAiOjE2ODc2NTM5Mzh9.ARz8sgRMiK5DJfslt-XMOPQivUpwq6OvetnxBMPJwu4
INFO - 2023-06-25 00:34:43 --> Prueba test : object
INFO - 2023-06-25 00:34:43 --> Prueba test ----> : usuario1@example.com
INFO - 2023-06-25 00:34:43 --> Usuario buscado de la BD ----> : John
INFO - 2023-06-25 00:37:01 --> --Soy el filtro encontre estos permisos : eyJ0eXAiOiJKV1QiLCJhbGciOiJIUzI1NiJ9.eyJlbWFpbCI6ImF4ZWx4MzNAaG90bWFpbC5jb20iLCJleHAiOjE2ODc2NTM5Mzh9.ARz8sgRMiK5DJfslt-XMOPQivUpwq6OvetnxBMPJwu4
INFO - 2023-06-25 00:37:01 --> Prueba test : object
INFO - 2023-06-25 00:37:01 --> Prueba test ----> : usuario1@example.com
INFO - 2023-06-25 00:37:01 --> Usuario buscado de la BD ----> : John
INFO - 2023-06-25 00:37:24 --> --Soy el filtro encontre estos permisos : eyJ0eXAiOiJKV1QiLCJhbGciOiJIUzI1NiJ9.eyJlbWFpbCI6ImF4ZWx4MzNAaG90bWFpbC5jb20iLCJleHAiOjE2ODc2NTM5Mzh9.ARz8sgRMiK5DJfslt-XMOPQivUpwq6OvetnxBMPJwu4
INFO - 2023-06-25 00:37:24 --> Prueba test : object
INFO - 2023-06-25 00:37:24 --> Prueba test ----> : usuario1@example.com
INFO - 2023-06-25 00:37:24 --> Usuario buscado de la BD ----> : John
INFO - 2023-06-25 00:39:45 --> --Soy el filtro encontre estos permisos : eyJ0eXAiOiJKV1QiLCJhbGciOiJIUzI1NiJ9.eyJlbWFpbCI6ImF4ZWx4MzNAaG90bWFpbC5jb20iLCJleHAiOjE2ODc2NTM5Mzh9.ARz8sgRMiK5DJfslt-XMOPQivUpwq6OvetnxBMPJwu4
INFO - 2023-06-25 00:39:45 --> Prueba test : object
INFO - 2023-06-25 00:39:45 --> Prueba test ----> : usuario1@example.com
INFO - 2023-06-25 00:39:45 --> Usuario buscado de la BD ----> : John
INFO - 2023-06-25 00:40:36 --> --Soy el filtro encontre estos permisos : eyJ0eXAiOiJKV1QiLCJhbGciOiJIUzI1NiJ9.eyJlbWFpbCI6ImF4ZWx4MzNAaG90bWFpbC5jb20iLCJleHAiOjE2ODc2NTM5Mzh9.ARz8sgRMiK5DJfslt-XMOPQivUpwq6OvetnxBMPJwu4
INFO - 2023-06-25 00:40:36 --> Prueba test : object
INFO - 2023-06-25 00:40:36 --> Prueba test ----> : usuario1@example.com
INFO - 2023-06-25 00:40:36 --> Usuario buscado de la BD ----> : John
INFO - 2023-06-25 00:41:56 --> --Soy el filtro encontre estos permisos : eyJ0eXAiOiJKV1QiLCJhbGciOiJIUzI1NiJ9.eyJlbWFpbCI6ImF4ZWx4MzNAaG90bWFpbC5jb20iLCJleHAiOjE2ODc2NTM5Mzh9.ARz8sgRMiK5DJfslt-XMOPQivUpwq6OvetnxBMPJwu4
INFO - 2023-06-25 00:41:56 --> Prueba test : object
INFO - 2023-06-25 00:41:56 --> Prueba test ----> : usuario1@example.com
INFO - 2023-06-25 00:41:56 --> Usuario buscado de la BD ----> : John
INFO - 2023-06-25 00:42:28 --> --Soy el filtro encontre estos permisos : eyJ0eXAiOiJKV1QiLCJhbGciOiJIUzI1NiJ9.eyJlbWFpbCI6ImF4ZWx4MzNAaG90bWFpbC5jb20iLCJleHAiOjE2ODc2NTM5Mzh9.ARz8sgRMiK5DJfslt-XMOPQivUpwq6OvetnxBMPJwu4
INFO - 2023-06-25 00:42:28 --> Prueba test : object
INFO - 2023-06-25 00:42:28 --> Prueba test ----> : usuario1@example.com
INFO - 2023-06-25 00:42:28 --> Usuario buscado de la BD ----> : John
INFO - 2023-06-25 00:44:45 --> --Soy el filtro encontre estos permisos : eyJ0eXAiOiJKV1QiLCJhbGciOiJIUzI1NiJ9.eyJlbWFpbCI6ImF4ZWx4MzNAaG90bWFpbC5jb20iLCJleHAiOjE2ODc2NTM5Mzh9.ARz8sgRMiK5DJfslt-XMOPQivUpwq6OvetnxBMPJwu4
INFO - 2023-06-25 00:44:45 --> Prueba test : object
INFO - 2023-06-25 00:44:45 --> Prueba test ----> : usuario1@example.com
INFO - 2023-06-25 00:44:45 --> Usuario buscado de la BD ----> : John
INFO - 2023-06-25 00:45:32 --> --Soy el filtro encontre estos permisos : eyJ0eXAiOiJKV1QiLCJhbGciOiJIUzI1NiJ9.eyJlbWFpbCI6ImF4ZWx4MzNAaG90bWFpbC5jb20iLCJleHAiOjE2ODc2NTM5Mzh9.ARz8sgRMiK5DJfslt-XMOPQivUpwq6OvetnxBMPJwu4
INFO - 2023-06-25 00:45:32 --> Prueba test : object
INFO - 2023-06-25 00:45:32 --> Prueba test ----> : usuario1@example.com
INFO - 2023-06-25 00:45:32 --> Usuario buscado de la BD ----> : John
INFO - 2023-06-25 00:46:17 --> --Soy el filtro encontre estos permisos : 
INFO - 2023-06-25 00:46:24 --> --Soy el filtro encontre estos permisos : eyJ0eXAiOiJKV1QiLCJhbGciOiJIUzI1NiJ9.eyJlbWFpbCI6ImF4ZWx4MzNAaG90bWFpbC5jb20iLCJleHAiOjE2ODc2NTc1ODR9.QiOrQ9vCSoWD0tc-PDUvyVyxIzGoBECPaldpeRpi7_s
INFO - 2023-06-25 00:46:24 --> Prueba test : object
INFO - 2023-06-25 00:46:24 --> Prueba test ----> : usuario1@example.com
INFO - 2023-06-25 00:46:24 --> Usuario buscado de la BD ----> : John
INFO - 2023-06-25 00:46:58 --> --Soy el filtro encontre estos permisos : eyJ0eXAiOiJKV1QiLCJhbGciOiJIUzI1NiJ9.eyJlbWFpbCI6ImF4ZWx4MzNAaG90bWFpbC5jb20iLCJleHAiOjE2ODc2NTc1ODR9.QiOrQ9vCSoWD0tc-PDUvyVyxIzGoBECPaldpeRpi7_s
INFO - 2023-06-25 00:46:58 --> Prueba test : object
INFO - 2023-06-25 00:46:58 --> Prueba test ----> : usuario1@example.com
INFO - 2023-06-25 00:46:58 --> Usuario buscado de la BD ----> : John
INFO - 2023-06-25 00:47:21 --> --Soy el filtro encontre estos permisos : eyJ0eXAiOiJKV1QiLCJhbGciOiJIUzI1NiJ9.eyJlbWFpbCI6ImF4ZWx4MzNAaG90bWFpbC5jb20iLCJleHAiOjE2ODc2NTc1ODR9.QiOrQ9vCSoWD0tc-PDUvyVyxIzGoBECPaldpeRpi7_s
INFO - 2023-06-25 00:47:21 --> Prueba test : object
INFO - 2023-06-25 00:47:21 --> Prueba test ----> : usuario1@example.com
INFO - 2023-06-25 00:47:21 --> Usuario buscado de la BD ----> : John
INFO - 2023-06-25 00:52:18 --> --Soy el filtro encontre estos permisos : eyJ0eXAiOiJKV1QiLCJhbGciOiJIUzI1NiJ9.eyJlbWFpbCI6ImF4ZWx4MzNAaG90bWFpbC5jb20iLCJleHAiOjE2ODc2NTc1ODR9.QiOrQ9vCSoWD0tc-PDUvyVyxIzGoBECPaldpeRpi7_s
INFO - 2023-06-25 00:52:18 --> Prueba test : object
INFO - 2023-06-25 00:52:18 --> Prueba test ----> : usuario1@example.com
INFO - 2023-06-25 00:52:18 --> Usuario buscado de la BD ----> : John
INFO - 2023-06-25 00:53:25 --> --Soy el filtro encontre estos permisos : eyJ0eXAiOiJKV1QiLCJhbGciOiJIUzI1NiJ9.eyJlbWFpbCI6ImF4ZWx4MzNAaG90bWFpbC5jb20iLCJleHAiOjE2ODc2NTc1ODR9.QiOrQ9vCSoWD0tc-PDUvyVyxIzGoBECPaldpeRpi7_s
INFO - 2023-06-25 00:53:25 --> Prueba test : object
INFO - 2023-06-25 00:53:25 --> Prueba test ----> : usuario1@example.com
INFO - 2023-06-25 00:53:25 --> Usuario buscado de la BD ----> : John
INFO - 2023-06-25 00:59:17 --> --Soy el filtro encontre estos permisos : eyJ0eXAiOiJKV1QiLCJhbGciOiJIUzI1NiJ9.eyJlbWFpbCI6ImF4ZWx4MzNAaG90bWFpbC5jb20iLCJleHAiOjE2ODc2NTc1ODR9.QiOrQ9vCSoWD0tc-PDUvyVyxIzGoBECPaldpeRpi7_s
INFO - 2023-06-25 00:59:17 --> Prueba test : object
INFO - 2023-06-25 00:59:17 --> Prueba test ----> : usuario1@example.com
INFO - 2023-06-25 00:59:17 --> Usuario buscado de la BD ----> : John
INFO - 2023-06-25 00:59:34 --> 4
INFO - 2023-06-25 00:59:34 --> --Soy el filtro encontre estos permisos : eyJ0eXAiOiJKV1QiLCJhbGciOiJIUzI1NiJ9.eyJlbWFpbCI6ImF4ZWx4MzNAaG90bWFpbC5jb20iLCJleHAiOjE2ODc2NTgzNzR9.4v5h69or-Qq5_lGsDsHQrpLdMNNN-VkgaWXZIAFDwQI
INFO - 2023-06-25 00:59:34 --> Prueba test : object
INFO - 2023-06-25 00:59:34 --> Prueba test ----> : usuario1@example.com
INFO - 2023-06-25 00:59:34 --> Usuario buscado de la BD ----> : John
INFO - 2023-06-25 01:06:18 --> 4
INFO - 2023-06-25 01:06:18 --> --Soy el filtro encontre estos permisos : eyJ0eXAiOiJKV1QiLCJhbGciOiJIUzI1NiJ9.eyJpZCI6IjQiLCJlbWFpbCI6ImF4ZWx4MzNAaG90bWFpbC5jb20iLCJleHAiOjE2ODc2NTg3Nzh9.ZzQmPmj0iHEbYl2np1B616IsOT0WfjKN-nI3rqTzlCA
INFO - 2023-06-25 01:06:18 --> Prueba test : object
INFO - 2023-06-25 01:06:18 --> Prueba test ----> : usuario1@example.com
INFO - 2023-06-25 01:06:18 --> Usuario buscado de la BD ----> : John
INFO - 2023-06-25 01:06:39 --> 4
INFO - 2023-06-25 01:06:39 --> --Soy el filtro encontre estos permisos : eyJ0eXAiOiJKV1QiLCJhbGciOiJIUzI1NiJ9.eyJpZCI6IjQiLCJlbWFpbCI6ImF4ZWx4MzNAaG90bWFpbC5jb20iLCJleHAiOjE2ODc2NTg3OTl9.G7rOg1QUOY91J-7bSrhLDaGIq0Si3EMatVe2V3ZBWjA
INFO - 2023-06-25 01:06:39 --> Prueba test : object
INFO - 2023-06-25 01:06:39 --> Prueba test ----> : usuario1@example.com
INFO - 2023-06-25 01:06:39 --> Usuario buscado de la BD ----> : John
INFO - 2023-06-25 01:10:07 --> Correo enviado exitosamente a axelxdasdasd33@hotmail.com para validacion de cuenta
INFO - 2023-06-25 01:11:10 --> 4
INFO - 2023-06-25 01:11:10 --> --Soy el filtro encontre estos permisos : eyJ0eXAiOiJKV1QiLCJhbGciOiJIUzI1NiJ9.eyJpZCI6IjQiLCJlbWFpbCI6ImF4ZWx4MzNAaG90bWFpbC5jb20iLCJleHAiOjE2ODc2NTkwNzB9.ILuQgD_OWebsTsniEeJmOzj3IuKASaDewOd-EfottFM
INFO - 2023-06-25 01:11:10 --> Prueba test : object
INFO - 2023-06-25 01:11:10 --> Prueba test ----> : usuario1@example.com
INFO - 2023-06-25 01:11:10 --> Usuario buscado de la BD ----> : John
INFO - 2023-06-25 01:14:33 --> --Soy el filtro encontre estos permisos : eyJ0eXAiOiJKV1QiLCJhbGciOiJIUzI1NiJ9.eyJpZCI6IjQiLCJlbWFpbCI6ImF4ZWx4MzNAaG90bWFpbC5jb20iLCJleHAiOjE2ODc2NTkwNzB9.ILuQgD_OWebsTsniEeJmOzj3IuKASaDewOd-EfottFM
INFO - 2023-06-25 01:14:33 --> Prueba test : object
INFO - 2023-06-25 01:14:33 --> Prueba test ----> : usuario1@example.com
INFO - 2023-06-25 01:14:33 --> Usuario buscado de la BD ----> : John
INFO - 2023-06-25 01:29:47 --> --Soy el filtro encontre estos permisos : eyJ0eXAiOiJKV1QiLCJhbGciOiJIUzI1NiJ9.eyJpZCI6IjQiLCJlbWFpbCI6ImF4ZWx4MzNAaG90bWFpbC5jb20iLCJleHAiOjE2ODc2NTkwNzB9.ILuQgD_OWebsTsniEeJmOzj3IuKASaDewOd-EfottFM
INFO - 2023-06-25 01:29:47 --> Prueba test : object
INFO - 2023-06-25 01:29:47 --> Prueba test ----> : usuario1@example.com
INFO - 2023-06-25 01:29:47 --> Usuario buscado de la BD ----> : John
CRITICAL - 2023-06-25 01:29:53 --> Undefined array key "gender"
in APPPATH\Controllers\UserController.php on line 72.
 1 APPPATH\Controllers\UserController.php(72): CodeIgniter\Debug\Exceptions->errorHandler(2, 'Undefined array key "gender"', 'D:\\XAMPP\\htdocs\\codeigniter4\\app\\Controllers\\UserController.php', 72)
 2 SYSTEMPATH\CodeIgniter.php(934): App\Controllers\UserController->updateUser()
 3 SYSTEMPATH\CodeIgniter.php(499): CodeIgniter\CodeIgniter->runController(Object(App\Controllers\UserController))
 4 SYSTEMPATH\CodeIgniter.php(368): CodeIgniter\CodeIgniter->handleRequest(null, Object(Config\Cache), false)
 5 FCPATH\index.php(67): CodeIgniter\CodeIgniter->run()
INFO - 2023-06-25 01:30:51 --> --Soy el filtro encontre estos permisos : eyJ0eXAiOiJKV1QiLCJhbGciOiJIUzI1NiJ9.eyJpZCI6IjQiLCJlbWFpbCI6ImF4ZWx4MzNAaG90bWFpbC5jb20iLCJleHAiOjE2ODc2NTkwNzB9.ILuQgD_OWebsTsniEeJmOzj3IuKASaDewOd-EfottFM
INFO - 2023-06-25 01:30:51 --> Prueba test : object
INFO - 2023-06-25 01:30:51 --> Prueba test ----> : usuario1@example.com
INFO - 2023-06-25 01:30:51 --> Usuario buscado de la BD ----> : John
INFO - 2023-06-25 23:25:37 --> --Soy el filtro encontre estos permisos : 
INFO - 2023-06-25 23:25:45 --> 4
INFO - 2023-06-25 23:25:46 --> --Soy el filtro encontre estos permisos : eyJ0eXAiOiJKV1QiLCJhbGciOiJIUzI1NiJ9.eyJpZCI6IjQiLCJlbWFpbCI6ImF4ZWx4MzNAaG90bWFpbC5jb20iLCJleHAiOjE2ODc3MzkxNDZ9.UhgRfJ4J3hF8anpwclEZXTSWrbwcF6sk9NlrKwnbkFA
INFO - 2023-06-25 23:25:46 --> Prueba test : object
INFO - 2023-06-25 23:25:46 --> Prueba test ----> : usuario1@example.com
INFO - 2023-06-25 23:25:46 --> Usuario buscado de la BD ----> : John
INFO - 2023-06-25 23:25:51 --> errores : 0
INFO - 2023-06-25 23:26:58 --> errores : 0
INFO - 2023-06-25 23:30:25 --> errores : 0
INFO - 2023-06-25 23:34:22 --> errores : 2
INFO - 2023-06-25 23:35:02 --> errores : 2
INFO - 2023-06-25 23:35:20 --> errores : 2
INFO - 2023-06-25 23:51:51 --> errores : 3
INFO - 2023-06-25 23:53:33 --> errores : 3
INFO - 2023-06-25 23:53:33 --> current emmail : axelx33@hotmail.com  new email : 
INFO - 2023-06-25 23:55:44 --> errores : 3
INFO - 2023-06-25 23:55:44 --> current emmail : axelx33@hotmail.com  new email : 
INFO - 2023-06-25 23:55:53 --> errores : 3
INFO - 2023-06-25 23:55:53 --> current emmail : axelx33@hotmail.com  new email : 
INFO - 2023-06-25 23:56:38 --> --Soy el filtro encontre estos permisos : eyJ0eXAiOiJKV1QiLCJhbGciOiJIUzI1NiJ9.eyJpZCI6IjQiLCJlbWFpbCI6ImF4ZWx4MzNAaG90bWFpbC5jb20iLCJleHAiOjE2ODc3MzkxNDZ9.UhgRfJ4J3hF8anpwclEZXTSWrbwcF6sk9NlrKwnbkFA
INFO - 2023-06-25 23:56:38 --> Prueba test : object
INFO - 2023-06-25 23:56:38 --> Prueba test ----> : usuario1@example.com
INFO - 2023-06-25 23:56:38 --> Usuario buscado de la BD ----> : John
INFO - 2023-06-25 23:57:15 --> errores : 1
INFO - 2023-06-25 23:57:15 --> current emmail : axelx33@hotmail.com  new email : 
INFO - 2023-06-25 23:59:05 --> errores : 1
INFO - 2023-06-25 23:59:05 --> current emmail : axelx33@hotmail.com  new email : 
INFO - 2023-06-25 23:59:20 --> errores : 1
INFO - 2023-06-25 23:59:20 --> current emmail : axelx33@hotmail.com  new email : 
