INFO - 2023-07-06 02:44:27 --> Fecha de nacimiento : 1999-12-15
CRITICAL - 2023-07-06 02:44:29 --> Type of App\Models\Library::$table must not be defined (as in class CodeIgniter\Model)
in APPPATH\Models\Library.php on line 7.
 1 [internal function]: CodeIgniter\Debug\Exceptions->shutdownHandler()
INFO - 2023-07-06 02:45:17 --> Fecha de nacimiento : 1999-12-15
CRITICAL - 2023-07-06 02:45:19 --> Type of App\Models\Library::$table must not be defined (as in class CodeIgniter\Model)
in APPPATH\Models\Library.php on line 7.
 1 [internal function]: CodeIgniter\Debug\Exceptions->shutdownHandler()
INFO - 2023-07-06 02:48:42 --> Fecha de nacimiento : 1999-12-15
CRITICAL - 2023-07-06 02:48:45 --> Type of App\Models\Library::$table must not be defined (as in class CodeIgniter\Model)
in APPPATH\Models\Library.php on line 7.
 1 [internal function]: CodeIgniter\Debug\Exceptions->shutdownHandler()
INFO - 2023-07-06 02:51:07 --> Fecha de nacimiento : 1999-12-15
INFO - 2023-07-06 02:56:33 --> Fecha de nacimiento : 1999-12-15
INFO - 2023-07-06 02:57:10 --> Fecha de nacimiento : 1999-12-15
INFO - 2023-07-06 02:57:23 --> Fecha de nacimiento : 1999-12-15
INFO - 2023-07-06 02:57:34 --> Fecha de nacimiento : 1999-12-15
INFO - 2023-07-06 02:58:09 --> Fecha de nacimiento : 1999-12-15
INFO - 2023-07-06 02:58:29 --> Fecha de nacimiento : 1999-12-15
INFO - 2023-07-06 03:03:13 --> Fecha de nacimiento : 1999-12-15
INFO - 2023-07-06 03:04:26 --> Fecha de nacimiento : 1999-12-15
INFO - 2023-07-06 03:05:49 --> Fecha de nacimiento : 1999-12-15
INFO - 2023-07-06 03:07:22 --> Fecha de nacimiento : 1999-12-15
INFO - 2023-07-06 03:35:25 --> Fecha de nacimiento : 1999-12-15
INFO - 2023-07-06 04:04:51 --> Fecha de nacimiento : 1999-12-15
INFO - 2023-07-06 04:11:12 --> Fecha de nacimiento : 1999-12-15
INFO - 2023-07-06 04:12:11 --> Fecha de nacimiento : 1999-12-15
INFO - 2023-07-06 04:14:21 --> Fecha de nacimiento : 1999-12-15
INFO - 2023-07-06 04:17:02 --> Fecha de nacimiento : 1999-12-15
INFO - 2023-07-06 04:18:14 --> Fecha de nacimiento : 1999-12-15
INFO - 2023-07-06 04:24:44 --> Fecha de nacimiento : 1999-12-15
INFO - 2023-07-06 04:28:05 --> Fecha de nacimiento : 1999-12-15
INFO - 2023-07-06 04:32:37 --> Fecha de nacimiento : 1999-12-15
INFO - 2023-07-06 04:32:47 --> Fecha de nacimiento : 1999-12-15
INFO - 2023-07-06 04:35:09 --> Fecha de nacimiento : 1999-12-15
INFO - 2023-07-06 04:35:31 --> Fecha de nacimiento : 1999-12-15
INFO - 2023-07-06 04:38:33 --> Fecha de nacimiento : 1999-12-15
INFO - 2023-07-06 04:43:37 --> Fecha de nacimiento : 1999-12-15
INFO - 2023-07-06 04:45:12 --> Fecha de nacimiento : 1999-12-15
INFO - 2023-07-06 04:45:38 --> Fecha de nacimiento : 1999-12-15
INFO - 2023-07-06 04:47:13 --> Fecha de nacimiento : 1999-12-15
INFO - 2023-07-06 04:47:46 --> Fecha de nacimiento : 1999-12-15
INFO - 2023-07-06 04:48:39 --> Fecha de nacimiento : 1999-12-15
INFO - 2023-07-06 04:50:16 --> Fecha de nacimiento : 1999-12-15
INFO - 2023-07-06 04:51:47 --> Fecha de nacimiento : 1999-12-15
INFO - 2023-07-06 04:52:33 --> Fecha de nacimiento : 1999-12-15
INFO - 2023-07-06 04:53:04 --> Fecha de nacimiento : 1999-12-15
INFO - 2023-07-06 04:53:19 --> Fecha de nacimiento : 1999-12-15
INFO - 2023-07-06 04:56:35 --> Fecha de nacimiento : 1999-12-15
INFO - 2023-07-06 04:56:57 --> Fecha de nacimiento : 1999-12-15
INFO - 2023-07-06 04:57:27 --> Fecha de nacimiento : 1999-12-15
INFO - 2023-07-06 05:00:19 --> Fecha de nacimiento : 1999-12-15
INFO - 2023-07-06 05:00:36 --> Fecha de nacimiento : 1999-12-15
INFO - 2023-07-06 05:01:45 --> Fecha de nacimiento : 1999-12-15
INFO - 2023-07-06 05:03:04 --> Fecha de nacimiento : 1999-12-15
INFO - 2023-07-06 05:03:44 --> Fecha de nacimiento : 1999-12-15
INFO - 2023-07-06 05:06:43 --> Fecha de nacimiento : 1999-12-15
INFO - 2023-07-06 05:07:27 --> Fecha de nacimiento : 1999-12-15
INFO - 2023-07-06 05:11:39 --> Fecha de nacimiento : 1999-12-15
INFO - 2023-07-06 05:15:46 --> Fecha de nacimiento : 1999-12-15
INFO - 2023-07-06 05:17:04 --> Fecha de nacimiento : 1999-12-15
INFO - 2023-07-06 05:17:14 --> Fecha de nacimiento : 1999-12-15
INFO - 2023-07-06 05:18:26 --> Fecha de nacimiento : 1999-12-15
INFO - 2023-07-06 05:18:59 --> Fecha de nacimiento : 1999-12-15
INFO - 2023-07-06 05:19:42 --> Fecha de nacimiento : 1999-12-15
INFO - 2023-07-06 05:20:12 --> Fecha de nacimiento : 1999-12-15
INFO - 2023-07-06 05:20:20 --> Fecha de nacimiento : 1999-12-15
INFO - 2023-07-06 05:20:44 --> Fecha de nacimiento : 1999-12-15
INFO - 2023-07-06 05:21:08 --> Fecha de nacimiento : 1999-12-15
INFO - 2023-07-06 05:21:52 --> Fecha de nacimiento : 1999-12-15
INFO - 2023-07-06 05:22:03 --> Fecha de nacimiento : 1999-12-15
INFO - 2023-07-06 05:22:32 --> Fecha de nacimiento : 1999-12-15
INFO - 2023-07-06 05:26:41 --> Fecha de nacimiento : 1999-12-15
INFO - 2023-07-06 05:27:52 --> Fecha de nacimiento : 1999-12-15
INFO - 2023-07-06 05:28:31 --> Fecha de nacimiento : 1999-12-15
INFO - 2023-07-06 05:33:38 --> Fecha de nacimiento : 1999-12-15
INFO - 2023-07-06 05:33:52 --> Fecha de nacimiento : 1999-12-15
INFO - 2023-07-06 05:34:49 --> Fecha de nacimiento : 1999-12-15
INFO - 2023-07-06 05:38:01 --> Fecha de nacimiento : 1999-12-15
INFO - 2023-07-06 05:39:07 --> Fecha de nacimiento : 1999-12-15
INFO - 2023-07-06 05:39:24 --> Fecha de nacimiento : 1999-12-15
INFO - 2023-07-06 05:41:44 --> Fecha de nacimiento : 1999-12-15
INFO - 2023-07-06 05:47:28 --> Fecha de nacimiento : 1999-12-15
INFO - 2023-07-06 05:52:25 --> Fecha de nacimiento : 1999-12-15
INFO - 2023-07-06 05:58:32 --> Fecha de nacimiento : 1999-12-15
INFO - 2023-07-06 05:59:28 --> Fecha de nacimiento : 1999-12-15
INFO - 2023-07-06 06:00:00 --> Fecha de nacimiento : 1999-12-15
INFO - 2023-07-06 06:05:52 --> Fecha de nacimiento : 1999-12-15
INFO - 2023-07-06 06:07:38 --> Fecha de nacimiento : 1999-12-15
INFO - 2023-07-06 06:09:31 --> Fecha de nacimiento : 1999-12-15
INFO - 2023-07-06 06:12:50 --> Fecha de nacimiento : 1999-12-15
INFO - 2023-07-06 07:47:10 --> Fecha de nacimiento : 1999-12-15
CRITICAL - 2023-07-06 07:47:15 --> Undefined property: stdClass::$idMovie
in APPPATH\Controllers\UserController.php on line 135.
 1 APPPATH\Controllers\UserController.php(135): CodeIgniter\Debug\Exceptions->errorHandler(2, 'Undefined property: stdClass::$idMovie', 'D:\\XAMPP\\htdocs\\codeigniter4\\app\\Controllers\\UserController.php', 135)
 2 SYSTEMPATH\CodeIgniter.php(934): App\Controllers\UserController->addMovieInLibrary()
 3 SYSTEMPATH\CodeIgniter.php(499): CodeIgniter\CodeIgniter->runController(Object(App\Controllers\UserController))
 4 SYSTEMPATH\CodeIgniter.php(368): CodeIgniter\CodeIgniter->handleRequest(null, Object(Config\Cache), false)
 5 FCPATH\index.php(67): CodeIgniter\CodeIgniter->run()
CRITICAL - 2023-07-06 07:47:15 --> Undefined property: stdClass::$idMovie
in APPPATH\Controllers\UserController.php on line 135.
 1 APPPATH\Controllers\UserController.php(135): CodeIgniter\Debug\Exceptions->errorHandler(2, 'Undefined property: stdClass::$idMovie', 'D:\\XAMPP\\htdocs\\codeigniter4\\app\\Controllers\\UserController.php', 135)
 2 SYSTEMPATH\CodeIgniter.php(934): App\Controllers\UserController->addMovieInLibrary()
 3 SYSTEMPATH\CodeIgniter.php(499): CodeIgniter\CodeIgniter->runController(Object(App\Controllers\UserController))
 4 SYSTEMPATH\CodeIgniter.php(368): CodeIgniter\CodeIgniter->handleRequest(null, Object(Config\Cache), false)
 5 FCPATH\index.php(67): CodeIgniter\CodeIgniter->run()
CRITICAL - 2023-07-06 07:47:15 --> Undefined property: stdClass::$idMovie
in APPPATH\Controllers\UserController.php on line 135.
 1 APPPATH\Controllers\UserController.php(135): CodeIgniter\Debug\Exceptions->errorHandler(2, 'Undefined property: stdClass::$idMovie', 'D:\\XAMPP\\htdocs\\codeigniter4\\app\\Controllers\\UserController.php', 135)
 2 SYSTEMPATH\CodeIgniter.php(934): App\Controllers\UserController->addMovieInLibrary()
 3 SYSTEMPATH\CodeIgniter.php(499): CodeIgniter\CodeIgniter->runController(Object(App\Controllers\UserController))
 4 SYSTEMPATH\CodeIgniter.php(368): CodeIgniter\CodeIgniter->handleRequest(null, Object(Config\Cache), false)
 5 FCPATH\index.php(67): CodeIgniter\CodeIgniter->run()
CRITICAL - 2023-07-06 07:47:15 --> Undefined property: stdClass::$idMovie
in APPPATH\Controllers\UserController.php on line 135.
 1 APPPATH\Controllers\UserController.php(135): CodeIgniter\Debug\Exceptions->errorHandler(2, 'Undefined property: stdClass::$idMovie', 'D:\\XAMPP\\htdocs\\codeigniter4\\app\\Controllers\\UserController.php', 135)
 2 SYSTEMPATH\CodeIgniter.php(934): App\Controllers\UserController->addMovieInLibrary()
 3 SYSTEMPATH\CodeIgniter.php(499): CodeIgniter\CodeIgniter->runController(Object(App\Controllers\UserController))
 4 SYSTEMPATH\CodeIgniter.php(368): CodeIgniter\CodeIgniter->handleRequest(null, Object(Config\Cache), false)
 5 FCPATH\index.php(67): CodeIgniter\CodeIgniter->run()
CRITICAL - 2023-07-06 07:47:15 --> Undefined property: stdClass::$idMovie
in APPPATH\Controllers\UserController.php on line 135.
 1 APPPATH\Controllers\UserController.php(135): CodeIgniter\Debug\Exceptions->errorHandler(2, 'Undefined property: stdClass::$idMovie', 'D:\\XAMPP\\htdocs\\codeigniter4\\app\\Controllers\\UserController.php', 135)
 2 SYSTEMPATH\CodeIgniter.php(934): App\Controllers\UserController->addMovieInLibrary()
 3 SYSTEMPATH\CodeIgniter.php(499): CodeIgniter\CodeIgniter->runController(Object(App\Controllers\UserController))
 4 SYSTEMPATH\CodeIgniter.php(368): CodeIgniter\CodeIgniter->handleRequest(null, Object(Config\Cache), false)
 5 FCPATH\index.php(67): CodeIgniter\CodeIgniter->run()
CRITICAL - 2023-07-06 07:47:15 --> Undefined property: stdClass::$idMovie
in APPPATH\Controllers\UserController.php on line 135.
 1 APPPATH\Controllers\UserController.php(135): CodeIgniter\Debug\Exceptions->errorHandler(2, 'Undefined property: stdClass::$idMovie', 'D:\\XAMPP\\htdocs\\codeigniter4\\app\\Controllers\\UserController.php', 135)
 2 SYSTEMPATH\CodeIgniter.php(934): App\Controllers\UserController->addMovieInLibrary()
 3 SYSTEMPATH\CodeIgniter.php(499): CodeIgniter\CodeIgniter->runController(Object(App\Controllers\UserController))
 4 SYSTEMPATH\CodeIgniter.php(368): CodeIgniter\CodeIgniter->handleRequest(null, Object(Config\Cache), false)
 5 FCPATH\index.php(67): CodeIgniter\CodeIgniter->run()
CRITICAL - 2023-07-06 07:47:16 --> Undefined property: stdClass::$idMovie
in APPPATH\Controllers\UserController.php on line 135.
 1 APPPATH\Controllers\UserController.php(135): CodeIgniter\Debug\Exceptions->errorHandler(2, 'Undefined property: stdClass::$idMovie', 'D:\\XAMPP\\htdocs\\codeigniter4\\app\\Controllers\\UserController.php', 135)
 2 SYSTEMPATH\CodeIgniter.php(934): App\Controllers\UserController->addMovieInLibrary()
 3 SYSTEMPATH\CodeIgniter.php(499): CodeIgniter\CodeIgniter->runController(Object(App\Controllers\UserController))
 4 SYSTEMPATH\CodeIgniter.php(368): CodeIgniter\CodeIgniter->handleRequest(null, Object(Config\Cache), false)
 5 FCPATH\index.php(67): CodeIgniter\CodeIgniter->run()
CRITICAL - 2023-07-06 07:47:16 --> Undefined property: stdClass::$idMovie
in APPPATH\Controllers\UserController.php on line 135.
 1 APPPATH\Controllers\UserController.php(135): CodeIgniter\Debug\Exceptions->errorHandler(2, 'Undefined property: stdClass::$idMovie', 'D:\\XAMPP\\htdocs\\codeigniter4\\app\\Controllers\\UserController.php', 135)
 2 SYSTEMPATH\CodeIgniter.php(934): App\Controllers\UserController->addMovieInLibrary()
 3 SYSTEMPATH\CodeIgniter.php(499): CodeIgniter\CodeIgniter->runController(Object(App\Controllers\UserController))
 4 SYSTEMPATH\CodeIgniter.php(368): CodeIgniter\CodeIgniter->handleRequest(null, Object(Config\Cache), false)
 5 FCPATH\index.php(67): CodeIgniter\CodeIgniter->run()
CRITICAL - 2023-07-06 07:47:16 --> Undefined property: stdClass::$idMovie
in APPPATH\Controllers\UserController.php on line 135.
 1 APPPATH\Controllers\UserController.php(135): CodeIgniter\Debug\Exceptions->errorHandler(2, 'Undefined property: stdClass::$idMovie', 'D:\\XAMPP\\htdocs\\codeigniter4\\app\\Controllers\\UserController.php', 135)
 2 SYSTEMPATH\CodeIgniter.php(934): App\Controllers\UserController->addMovieInLibrary()
 3 SYSTEMPATH\CodeIgniter.php(499): CodeIgniter\CodeIgniter->runController(Object(App\Controllers\UserController))
 4 SYSTEMPATH\CodeIgniter.php(368): CodeIgniter\CodeIgniter->handleRequest(null, Object(Config\Cache), false)
 5 FCPATH\index.php(67): CodeIgniter\CodeIgniter->run()
CRITICAL - 2023-07-06 07:47:16 --> Undefined property: stdClass::$idMovie
in APPPATH\Controllers\UserController.php on line 135.
 1 APPPATH\Controllers\UserController.php(135): CodeIgniter\Debug\Exceptions->errorHandler(2, 'Undefined property: stdClass::$idMovie', 'D:\\XAMPP\\htdocs\\codeigniter4\\app\\Controllers\\UserController.php', 135)
 2 SYSTEMPATH\CodeIgniter.php(934): App\Controllers\UserController->addMovieInLibrary()
 3 SYSTEMPATH\CodeIgniter.php(499): CodeIgniter\CodeIgniter->runController(Object(App\Controllers\UserController))
 4 SYSTEMPATH\CodeIgniter.php(368): CodeIgniter\CodeIgniter->handleRequest(null, Object(Config\Cache), false)
 5 FCPATH\index.php(67): CodeIgniter\CodeIgniter->run()
INFO - 2023-07-06 07:48:10 --> Fecha de nacimiento : 1999-12-15
CRITICAL - 2023-07-06 07:48:14 --> Undefined property: stdClass::$idMovie
in APPPATH\Controllers\UserController.php on line 135.
 1 APPPATH\Controllers\UserController.php(135): CodeIgniter\Debug\Exceptions->errorHandler(2, 'Undefined property: stdClass::$idMovie', 'D:\\XAMPP\\htdocs\\codeigniter4\\app\\Controllers\\UserController.php', 135)
 2 SYSTEMPATH\CodeIgniter.php(934): App\Controllers\UserController->addMovieInLibrary()
 3 SYSTEMPATH\CodeIgniter.php(499): CodeIgniter\CodeIgniter->runController(Object(App\Controllers\UserController))
 4 SYSTEMPATH\CodeIgniter.php(368): CodeIgniter\CodeIgniter->handleRequest(null, Object(Config\Cache), false)
 5 FCPATH\index.php(67): CodeIgniter\CodeIgniter->run()
CRITICAL - 2023-07-06 07:48:14 --> Undefined property: stdClass::$idMovie
in APPPATH\Controllers\UserController.php on line 135.
 1 APPPATH\Controllers\UserController.php(135): CodeIgniter\Debug\Exceptions->errorHandler(2, 'Undefined property: stdClass::$idMovie', 'D:\\XAMPP\\htdocs\\codeigniter4\\app\\Controllers\\UserController.php', 135)
 2 SYSTEMPATH\CodeIgniter.php(934): App\Controllers\UserController->addMovieInLibrary()
 3 SYSTEMPATH\CodeIgniter.php(499): CodeIgniter\CodeIgniter->runController(Object(App\Controllers\UserController))
 4 SYSTEMPATH\CodeIgniter.php(368): CodeIgniter\CodeIgniter->handleRequest(null, Object(Config\Cache), false)
 5 FCPATH\index.php(67): CodeIgniter\CodeIgniter->run()
CRITICAL - 2023-07-06 07:48:14 --> Undefined property: stdClass::$idMovie
in APPPATH\Controllers\UserController.php on line 135.
 1 APPPATH\Controllers\UserController.php(135): CodeIgniter\Debug\Exceptions->errorHandler(2, 'Undefined property: stdClass::$idMovie', 'D:\\XAMPP\\htdocs\\codeigniter4\\app\\Controllers\\UserController.php', 135)
 2 SYSTEMPATH\CodeIgniter.php(934): App\Controllers\UserController->addMovieInLibrary()
 3 SYSTEMPATH\CodeIgniter.php(499): CodeIgniter\CodeIgniter->runController(Object(App\Controllers\UserController))
 4 SYSTEMPATH\CodeIgniter.php(368): CodeIgniter\CodeIgniter->handleRequest(null, Object(Config\Cache), false)
 5 FCPATH\index.php(67): CodeIgniter\CodeIgniter->run()
CRITICAL - 2023-07-06 07:48:14 --> Undefined property: stdClass::$idMovie
in APPPATH\Controllers\UserController.php on line 135.
 1 APPPATH\Controllers\UserController.php(135): CodeIgniter\Debug\Exceptions->errorHandler(2, 'Undefined property: stdClass::$idMovie', 'D:\\XAMPP\\htdocs\\codeigniter4\\app\\Controllers\\UserController.php', 135)
 2 SYSTEMPATH\CodeIgniter.php(934): App\Controllers\UserController->addMovieInLibrary()
 3 SYSTEMPATH\CodeIgniter.php(499): CodeIgniter\CodeIgniter->runController(Object(App\Controllers\UserController))
 4 SYSTEMPATH\CodeIgniter.php(368): CodeIgniter\CodeIgniter->handleRequest(null, Object(Config\Cache), false)
 5 FCPATH\index.php(67): CodeIgniter\CodeIgniter->run()
CRITICAL - 2023-07-06 07:48:14 --> Undefined property: stdClass::$idMovie
in APPPATH\Controllers\UserController.php on line 135.
 1 APPPATH\Controllers\UserController.php(135): CodeIgniter\Debug\Exceptions->errorHandler(2, 'Undefined property: stdClass::$idMovie', 'D:\\XAMPP\\htdocs\\codeigniter4\\app\\Controllers\\UserController.php', 135)
 2 SYSTEMPATH\CodeIgniter.php(934): App\Controllers\UserController->addMovieInLibrary()
 3 SYSTEMPATH\CodeIgniter.php(499): CodeIgniter\CodeIgniter->runController(Object(App\Controllers\UserController))
 4 SYSTEMPATH\CodeIgniter.php(368): CodeIgniter\CodeIgniter->handleRequest(null, Object(Config\Cache), false)
 5 FCPATH\index.php(67): CodeIgniter\CodeIgniter->run()
CRITICAL - 2023-07-06 07:48:14 --> Undefined property: stdClass::$idMovie
in APPPATH\Controllers\UserController.php on line 135.
 1 APPPATH\Controllers\UserController.php(135): CodeIgniter\Debug\Exceptions->errorHandler(2, 'Undefined property: stdClass::$idMovie', 'D:\\XAMPP\\htdocs\\codeigniter4\\app\\Controllers\\UserController.php', 135)
 2 SYSTEMPATH\CodeIgniter.php(934): App\Controllers\UserController->addMovieInLibrary()
 3 SYSTEMPATH\CodeIgniter.php(499): CodeIgniter\CodeIgniter->runController(Object(App\Controllers\UserController))
 4 SYSTEMPATH\CodeIgniter.php(368): CodeIgniter\CodeIgniter->handleRequest(null, Object(Config\Cache), false)
 5 FCPATH\index.php(67): CodeIgniter\CodeIgniter->run()
CRITICAL - 2023-07-06 07:48:15 --> Undefined property: stdClass::$idMovie
in APPPATH\Controllers\UserController.php on line 135.
 1 APPPATH\Controllers\UserController.php(135): CodeIgniter\Debug\Exceptions->errorHandler(2, 'Undefined property: stdClass::$idMovie', 'D:\\XAMPP\\htdocs\\codeigniter4\\app\\Controllers\\UserController.php', 135)
 2 SYSTEMPATH\CodeIgniter.php(934): App\Controllers\UserController->addMovieInLibrary()
 3 SYSTEMPATH\CodeIgniter.php(499): CodeIgniter\CodeIgniter->runController(Object(App\Controllers\UserController))
 4 SYSTEMPATH\CodeIgniter.php(368): CodeIgniter\CodeIgniter->handleRequest(null, Object(Config\Cache), false)
 5 FCPATH\index.php(67): CodeIgniter\CodeIgniter->run()
CRITICAL - 2023-07-06 07:48:15 --> Undefined property: stdClass::$idMovie
in APPPATH\Controllers\UserController.php on line 135.
 1 APPPATH\Controllers\UserController.php(135): CodeIgniter\Debug\Exceptions->errorHandler(2, 'Undefined property: stdClass::$idMovie', 'D:\\XAMPP\\htdocs\\codeigniter4\\app\\Controllers\\UserController.php', 135)
 2 SYSTEMPATH\CodeIgniter.php(934): App\Controllers\UserController->addMovieInLibrary()
 3 SYSTEMPATH\CodeIgniter.php(499): CodeIgniter\CodeIgniter->runController(Object(App\Controllers\UserController))
 4 SYSTEMPATH\CodeIgniter.php(368): CodeIgniter\CodeIgniter->handleRequest(null, Object(Config\Cache), false)
 5 FCPATH\index.php(67): CodeIgniter\CodeIgniter->run()
CRITICAL - 2023-07-06 07:48:15 --> Undefined property: stdClass::$idMovie
in APPPATH\Controllers\UserController.php on line 135.
 1 APPPATH\Controllers\UserController.php(135): CodeIgniter\Debug\Exceptions->errorHandler(2, 'Undefined property: stdClass::$idMovie', 'D:\\XAMPP\\htdocs\\codeigniter4\\app\\Controllers\\UserController.php', 135)
 2 SYSTEMPATH\CodeIgniter.php(934): App\Controllers\UserController->addMovieInLibrary()
 3 SYSTEMPATH\CodeIgniter.php(499): CodeIgniter\CodeIgniter->runController(Object(App\Controllers\UserController))
 4 SYSTEMPATH\CodeIgniter.php(368): CodeIgniter\CodeIgniter->handleRequest(null, Object(Config\Cache), false)
 5 FCPATH\index.php(67): CodeIgniter\CodeIgniter->run()
CRITICAL - 2023-07-06 07:48:15 --> Undefined property: stdClass::$idMovie
in APPPATH\Controllers\UserController.php on line 135.
 1 APPPATH\Controllers\UserController.php(135): CodeIgniter\Debug\Exceptions->errorHandler(2, 'Undefined property: stdClass::$idMovie', 'D:\\XAMPP\\htdocs\\codeigniter4\\app\\Controllers\\UserController.php', 135)
 2 SYSTEMPATH\CodeIgniter.php(934): App\Controllers\UserController->addMovieInLibrary()
 3 SYSTEMPATH\CodeIgniter.php(499): CodeIgniter\CodeIgniter->runController(Object(App\Controllers\UserController))
 4 SYSTEMPATH\CodeIgniter.php(368): CodeIgniter\CodeIgniter->handleRequest(null, Object(Config\Cache), false)
 5 FCPATH\index.php(67): CodeIgniter\CodeIgniter->run()
INFO - 2023-07-06 07:48:35 --> Fecha de nacimiento : 1999-12-15
CRITICAL - 2023-07-06 07:48:39 --> Undefined property: stdClass::$idMovie
in APPPATH\Controllers\UserController.php on line 135.
 1 APPPATH\Controllers\UserController.php(135): CodeIgniter\Debug\Exceptions->errorHandler(2, 'Undefined property: stdClass::$idMovie', 'D:\\XAMPP\\htdocs\\codeigniter4\\app\\Controllers\\UserController.php', 135)
 2 SYSTEMPATH\CodeIgniter.php(934): App\Controllers\UserController->addMovieInLibrary()
 3 SYSTEMPATH\CodeIgniter.php(499): CodeIgniter\CodeIgniter->runController(Object(App\Controllers\UserController))
 4 SYSTEMPATH\CodeIgniter.php(368): CodeIgniter\CodeIgniter->handleRequest(null, Object(Config\Cache), false)
 5 FCPATH\index.php(67): CodeIgniter\CodeIgniter->run()
CRITICAL - 2023-07-06 07:48:39 --> Undefined property: stdClass::$idMovie
in APPPATH\Controllers\UserController.php on line 135.
 1 APPPATH\Controllers\UserController.php(135): CodeIgniter\Debug\Exceptions->errorHandler(2, 'Undefined property: stdClass::$idMovie', 'D:\\XAMPP\\htdocs\\codeigniter4\\app\\Controllers\\UserController.php', 135)
 2 SYSTEMPATH\CodeIgniter.php(934): App\Controllers\UserController->addMovieInLibrary()
 3 SYSTEMPATH\CodeIgniter.php(499): CodeIgniter\CodeIgniter->runController(Object(App\Controllers\UserController))
 4 SYSTEMPATH\CodeIgniter.php(368): CodeIgniter\CodeIgniter->handleRequest(null, Object(Config\Cache), false)
 5 FCPATH\index.php(67): CodeIgniter\CodeIgniter->run()
CRITICAL - 2023-07-06 07:48:39 --> Undefined property: stdClass::$idMovie
in APPPATH\Controllers\UserController.php on line 135.
 1 APPPATH\Controllers\UserController.php(135): CodeIgniter\Debug\Exceptions->errorHandler(2, 'Undefined property: stdClass::$idMovie', 'D:\\XAMPP\\htdocs\\codeigniter4\\app\\Controllers\\UserController.php', 135)
 2 SYSTEMPATH\CodeIgniter.php(934): App\Controllers\UserController->addMovieInLibrary()
 3 SYSTEMPATH\CodeIgniter.php(499): CodeIgniter\CodeIgniter->runController(Object(App\Controllers\UserController))
 4 SYSTEMPATH\CodeIgniter.php(368): CodeIgniter\CodeIgniter->handleRequest(null, Object(Config\Cache), false)
 5 FCPATH\index.php(67): CodeIgniter\CodeIgniter->run()
CRITICAL - 2023-07-06 07:48:39 --> Undefined property: stdClass::$idMovie
in APPPATH\Controllers\UserController.php on line 135.
 1 APPPATH\Controllers\UserController.php(135): CodeIgniter\Debug\Exceptions->errorHandler(2, 'Undefined property: stdClass::$idMovie', 'D:\\XAMPP\\htdocs\\codeigniter4\\app\\Controllers\\UserController.php', 135)
 2 SYSTEMPATH\CodeIgniter.php(934): App\Controllers\UserController->addMovieInLibrary()
 3 SYSTEMPATH\CodeIgniter.php(499): CodeIgniter\CodeIgniter->runController(Object(App\Controllers\UserController))
 4 SYSTEMPATH\CodeIgniter.php(368): CodeIgniter\CodeIgniter->handleRequest(null, Object(Config\Cache), false)
 5 FCPATH\index.php(67): CodeIgniter\CodeIgniter->run()
CRITICAL - 2023-07-06 07:48:39 --> Undefined property: stdClass::$idMovie
in APPPATH\Controllers\UserController.php on line 135.
 1 APPPATH\Controllers\UserController.php(135): CodeIgniter\Debug\Exceptions->errorHandler(2, 'Undefined property: stdClass::$idMovie', 'D:\\XAMPP\\htdocs\\codeigniter4\\app\\Controllers\\UserController.php', 135)
 2 SYSTEMPATH\CodeIgniter.php(934): App\Controllers\UserController->addMovieInLibrary()
 3 SYSTEMPATH\CodeIgniter.php(499): CodeIgniter\CodeIgniter->runController(Object(App\Controllers\UserController))
 4 SYSTEMPATH\CodeIgniter.php(368): CodeIgniter\CodeIgniter->handleRequest(null, Object(Config\Cache), false)
 5 FCPATH\index.php(67): CodeIgniter\CodeIgniter->run()
CRITICAL - 2023-07-06 07:48:39 --> Undefined property: stdClass::$idMovie
in APPPATH\Controllers\UserController.php on line 135.
 1 APPPATH\Controllers\UserController.php(135): CodeIgniter\Debug\Exceptions->errorHandler(2, 'Undefined property: stdClass::$idMovie', 'D:\\XAMPP\\htdocs\\codeigniter4\\app\\Controllers\\UserController.php', 135)
 2 SYSTEMPATH\CodeIgniter.php(934): App\Controllers\UserController->addMovieInLibrary()
 3 SYSTEMPATH\CodeIgniter.php(499): CodeIgniter\CodeIgniter->runController(Object(App\Controllers\UserController))
 4 SYSTEMPATH\CodeIgniter.php(368): CodeIgniter\CodeIgniter->handleRequest(null, Object(Config\Cache), false)
 5 FCPATH\index.php(67): CodeIgniter\CodeIgniter->run()
CRITICAL - 2023-07-06 07:48:40 --> Undefined property: stdClass::$idMovie
in APPPATH\Controllers\UserController.php on line 135.
 1 APPPATH\Controllers\UserController.php(135): CodeIgniter\Debug\Exceptions->errorHandler(2, 'Undefined property: stdClass::$idMovie', 'D:\\XAMPP\\htdocs\\codeigniter4\\app\\Controllers\\UserController.php', 135)
 2 SYSTEMPATH\CodeIgniter.php(934): App\Controllers\UserController->addMovieInLibrary()
 3 SYSTEMPATH\CodeIgniter.php(499): CodeIgniter\CodeIgniter->runController(Object(App\Controllers\UserController))
 4 SYSTEMPATH\CodeIgniter.php(368): CodeIgniter\CodeIgniter->handleRequest(null, Object(Config\Cache), false)
 5 FCPATH\index.php(67): CodeIgniter\CodeIgniter->run()
CRITICAL - 2023-07-06 07:48:40 --> Undefined property: stdClass::$idMovie
in APPPATH\Controllers\UserController.php on line 135.
 1 APPPATH\Controllers\UserController.php(135): CodeIgniter\Debug\Exceptions->errorHandler(2, 'Undefined property: stdClass::$idMovie', 'D:\\XAMPP\\htdocs\\codeigniter4\\app\\Controllers\\UserController.php', 135)
 2 SYSTEMPATH\CodeIgniter.php(934): App\Controllers\UserController->addMovieInLibrary()
 3 SYSTEMPATH\CodeIgniter.php(499): CodeIgniter\CodeIgniter->runController(Object(App\Controllers\UserController))
 4 SYSTEMPATH\CodeIgniter.php(368): CodeIgniter\CodeIgniter->handleRequest(null, Object(Config\Cache), false)
 5 FCPATH\index.php(67): CodeIgniter\CodeIgniter->run()
CRITICAL - 2023-07-06 07:48:40 --> Undefined property: stdClass::$idMovie
in APPPATH\Controllers\UserController.php on line 135.
 1 APPPATH\Controllers\UserController.php(135): CodeIgniter\Debug\Exceptions->errorHandler(2, 'Undefined property: stdClass::$idMovie', 'D:\\XAMPP\\htdocs\\codeigniter4\\app\\Controllers\\UserController.php', 135)
 2 SYSTEMPATH\CodeIgniter.php(934): App\Controllers\UserController->addMovieInLibrary()
 3 SYSTEMPATH\CodeIgniter.php(499): CodeIgniter\CodeIgniter->runController(Object(App\Controllers\UserController))
 4 SYSTEMPATH\CodeIgniter.php(368): CodeIgniter\CodeIgniter->handleRequest(null, Object(Config\Cache), false)
 5 FCPATH\index.php(67): CodeIgniter\CodeIgniter->run()
CRITICAL - 2023-07-06 07:48:40 --> Undefined property: stdClass::$idMovie
in APPPATH\Controllers\UserController.php on line 135.
 1 APPPATH\Controllers\UserController.php(135): CodeIgniter\Debug\Exceptions->errorHandler(2, 'Undefined property: stdClass::$idMovie', 'D:\\XAMPP\\htdocs\\codeigniter4\\app\\Controllers\\UserController.php', 135)
 2 SYSTEMPATH\CodeIgniter.php(934): App\Controllers\UserController->addMovieInLibrary()
 3 SYSTEMPATH\CodeIgniter.php(499): CodeIgniter\CodeIgniter->runController(Object(App\Controllers\UserController))
 4 SYSTEMPATH\CodeIgniter.php(368): CodeIgniter\CodeIgniter->handleRequest(null, Object(Config\Cache), false)
 5 FCPATH\index.php(67): CodeIgniter\CodeIgniter->run()
INFO - 2023-07-06 07:48:57 --> Fecha de nacimiento : 1999-12-15
CRITICAL - 2023-07-06 07:49:01 --> Undefined property: stdClass::$idMovie
in APPPATH\Controllers\UserController.php on line 135.
 1 APPPATH\Controllers\UserController.php(135): CodeIgniter\Debug\Exceptions->errorHandler(2, 'Undefined property: stdClass::$idMovie', 'D:\\XAMPP\\htdocs\\codeigniter4\\app\\Controllers\\UserController.php', 135)
 2 SYSTEMPATH\CodeIgniter.php(934): App\Controllers\UserController->addMovieInLibrary()
 3 SYSTEMPATH\CodeIgniter.php(499): CodeIgniter\CodeIgniter->runController(Object(App\Controllers\UserController))
 4 SYSTEMPATH\CodeIgniter.php(368): CodeIgniter\CodeIgniter->handleRequest(null, Object(Config\Cache), false)
 5 FCPATH\index.php(67): CodeIgniter\CodeIgniter->run()
CRITICAL - 2023-07-06 07:49:01 --> Undefined property: stdClass::$idMovie
in APPPATH\Controllers\UserController.php on line 135.
 1 APPPATH\Controllers\UserController.php(135): CodeIgniter\Debug\Exceptions->errorHandler(2, 'Undefined property: stdClass::$idMovie', 'D:\\XAMPP\\htdocs\\codeigniter4\\app\\Controllers\\UserController.php', 135)
 2 SYSTEMPATH\CodeIgniter.php(934): App\Controllers\UserController->addMovieInLibrary()
 3 SYSTEMPATH\CodeIgniter.php(499): CodeIgniter\CodeIgniter->runController(Object(App\Controllers\UserController))
 4 SYSTEMPATH\CodeIgniter.php(368): CodeIgniter\CodeIgniter->handleRequest(null, Object(Config\Cache), false)
 5 FCPATH\index.php(67): CodeIgniter\CodeIgniter->run()
CRITICAL - 2023-07-06 07:49:01 --> Undefined property: stdClass::$idMovie
in APPPATH\Controllers\UserController.php on line 135.
 1 APPPATH\Controllers\UserController.php(135): CodeIgniter\Debug\Exceptions->errorHandler(2, 'Undefined property: stdClass::$idMovie', 'D:\\XAMPP\\htdocs\\codeigniter4\\app\\Controllers\\UserController.php', 135)
 2 SYSTEMPATH\CodeIgniter.php(934): App\Controllers\UserController->addMovieInLibrary()
 3 SYSTEMPATH\CodeIgniter.php(499): CodeIgniter\CodeIgniter->runController(Object(App\Controllers\UserController))
 4 SYSTEMPATH\CodeIgniter.php(368): CodeIgniter\CodeIgniter->handleRequest(null, Object(Config\Cache), false)
 5 FCPATH\index.php(67): CodeIgniter\CodeIgniter->run()
CRITICAL - 2023-07-06 07:49:01 --> Undefined property: stdClass::$idMovie
in APPPATH\Controllers\UserController.php on line 135.
 1 APPPATH\Controllers\UserController.php(135): CodeIgniter\Debug\Exceptions->errorHandler(2, 'Undefined property: stdClass::$idMovie', 'D:\\XAMPP\\htdocs\\codeigniter4\\app\\Controllers\\UserController.php', 135)
 2 SYSTEMPATH\CodeIgniter.php(934): App\Controllers\UserController->addMovieInLibrary()
 3 SYSTEMPATH\CodeIgniter.php(499): CodeIgniter\CodeIgniter->runController(Object(App\Controllers\UserController))
 4 SYSTEMPATH\CodeIgniter.php(368): CodeIgniter\CodeIgniter->handleRequest(null, Object(Config\Cache), false)
 5 FCPATH\index.php(67): CodeIgniter\CodeIgniter->run()
CRITICAL - 2023-07-06 07:49:01 --> Undefined property: stdClass::$idMovie
in APPPATH\Controllers\UserController.php on line 135.
 1 APPPATH\Controllers\UserController.php(135): CodeIgniter\Debug\Exceptions->errorHandler(2, 'Undefined property: stdClass::$idMovie', 'D:\\XAMPP\\htdocs\\codeigniter4\\app\\Controllers\\UserController.php', 135)
 2 SYSTEMPATH\CodeIgniter.php(934): App\Controllers\UserController->addMovieInLibrary()
 3 SYSTEMPATH\CodeIgniter.php(499): CodeIgniter\CodeIgniter->runController(Object(App\Controllers\UserController))
 4 SYSTEMPATH\CodeIgniter.php(368): CodeIgniter\CodeIgniter->handleRequest(null, Object(Config\Cache), false)
 5 FCPATH\index.php(67): CodeIgniter\CodeIgniter->run()
CRITICAL - 2023-07-06 07:49:01 --> Undefined property: stdClass::$idMovie
in APPPATH\Controllers\UserController.php on line 135.
 1 APPPATH\Controllers\UserController.php(135): CodeIgniter\Debug\Exceptions->errorHandler(2, 'Undefined property: stdClass::$idMovie', 'D:\\XAMPP\\htdocs\\codeigniter4\\app\\Controllers\\UserController.php', 135)
 2 SYSTEMPATH\CodeIgniter.php(934): App\Controllers\UserController->addMovieInLibrary()
 3 SYSTEMPATH\CodeIgniter.php(499): CodeIgniter\CodeIgniter->runController(Object(App\Controllers\UserController))
 4 SYSTEMPATH\CodeIgniter.php(368): CodeIgniter\CodeIgniter->handleRequest(null, Object(Config\Cache), false)
 5 FCPATH\index.php(67): CodeIgniter\CodeIgniter->run()
CRITICAL - 2023-07-06 07:49:02 --> Undefined property: stdClass::$idMovie
in APPPATH\Controllers\UserController.php on line 135.
 1 APPPATH\Controllers\UserController.php(135): CodeIgniter\Debug\Exceptions->errorHandler(2, 'Undefined property: stdClass::$idMovie', 'D:\\XAMPP\\htdocs\\codeigniter4\\app\\Controllers\\UserController.php', 135)
 2 SYSTEMPATH\CodeIgniter.php(934): App\Controllers\UserController->addMovieInLibrary()
 3 SYSTEMPATH\CodeIgniter.php(499): CodeIgniter\CodeIgniter->runController(Object(App\Controllers\UserController))
 4 SYSTEMPATH\CodeIgniter.php(368): CodeIgniter\CodeIgniter->handleRequest(null, Object(Config\Cache), false)
 5 FCPATH\index.php(67): CodeIgniter\CodeIgniter->run()
CRITICAL - 2023-07-06 07:49:02 --> Undefined property: stdClass::$idMovie
in APPPATH\Controllers\UserController.php on line 135.
 1 APPPATH\Controllers\UserController.php(135): CodeIgniter\Debug\Exceptions->errorHandler(2, 'Undefined property: stdClass::$idMovie', 'D:\\XAMPP\\htdocs\\codeigniter4\\app\\Controllers\\UserController.php', 135)
 2 SYSTEMPATH\CodeIgniter.php(934): App\Controllers\UserController->addMovieInLibrary()
 3 SYSTEMPATH\CodeIgniter.php(499): CodeIgniter\CodeIgniter->runController(Object(App\Controllers\UserController))
 4 SYSTEMPATH\CodeIgniter.php(368): CodeIgniter\CodeIgniter->handleRequest(null, Object(Config\Cache), false)
 5 FCPATH\index.php(67): CodeIgniter\CodeIgniter->run()
CRITICAL - 2023-07-06 07:49:02 --> Undefined property: stdClass::$idMovie
in APPPATH\Controllers\UserController.php on line 135.
 1 APPPATH\Controllers\UserController.php(135): CodeIgniter\Debug\Exceptions->errorHandler(2, 'Undefined property: stdClass::$idMovie', 'D:\\XAMPP\\htdocs\\codeigniter4\\app\\Controllers\\UserController.php', 135)
 2 SYSTEMPATH\CodeIgniter.php(934): App\Controllers\UserController->addMovieInLibrary()
 3 SYSTEMPATH\CodeIgniter.php(499): CodeIgniter\CodeIgniter->runController(Object(App\Controllers\UserController))
 4 SYSTEMPATH\CodeIgniter.php(368): CodeIgniter\CodeIgniter->handleRequest(null, Object(Config\Cache), false)
 5 FCPATH\index.php(67): CodeIgniter\CodeIgniter->run()
CRITICAL - 2023-07-06 07:49:02 --> Undefined property: stdClass::$idMovie
in APPPATH\Controllers\UserController.php on line 135.
 1 APPPATH\Controllers\UserController.php(135): CodeIgniter\Debug\Exceptions->errorHandler(2, 'Undefined property: stdClass::$idMovie', 'D:\\XAMPP\\htdocs\\codeigniter4\\app\\Controllers\\UserController.php', 135)
 2 SYSTEMPATH\CodeIgniter.php(934): App\Controllers\UserController->addMovieInLibrary()
 3 SYSTEMPATH\CodeIgniter.php(499): CodeIgniter\CodeIgniter->runController(Object(App\Controllers\UserController))
 4 SYSTEMPATH\CodeIgniter.php(368): CodeIgniter\CodeIgniter->handleRequest(null, Object(Config\Cache), false)
 5 FCPATH\index.php(67): CodeIgniter\CodeIgniter->run()
INFO - 2023-07-06 07:50:10 --> Fecha de nacimiento : 1999-12-15
CRITICAL - 2023-07-06 07:50:15 --> Undefined property: stdClass::$idMovie
in APPPATH\Controllers\UserController.php on line 135.
 1 APPPATH\Controllers\UserController.php(135): CodeIgniter\Debug\Exceptions->errorHandler(2, 'Undefined property: stdClass::$idMovie', 'D:\\XAMPP\\htdocs\\codeigniter4\\app\\Controllers\\UserController.php', 135)
 2 SYSTEMPATH\CodeIgniter.php(934): App\Controllers\UserController->addMovieInLibrary()
 3 SYSTEMPATH\CodeIgniter.php(499): CodeIgniter\CodeIgniter->runController(Object(App\Controllers\UserController))
 4 SYSTEMPATH\CodeIgniter.php(368): CodeIgniter\CodeIgniter->handleRequest(null, Object(Config\Cache), false)
 5 FCPATH\index.php(67): CodeIgniter\CodeIgniter->run()
CRITICAL - 2023-07-06 07:50:15 --> Undefined property: stdClass::$idMovie
in APPPATH\Controllers\UserController.php on line 135.
 1 APPPATH\Controllers\UserController.php(135): CodeIgniter\Debug\Exceptions->errorHandler(2, 'Undefined property: stdClass::$idMovie', 'D:\\XAMPP\\htdocs\\codeigniter4\\app\\Controllers\\UserController.php', 135)
 2 SYSTEMPATH\CodeIgniter.php(934): App\Controllers\UserController->addMovieInLibrary()
 3 SYSTEMPATH\CodeIgniter.php(499): CodeIgniter\CodeIgniter->runController(Object(App\Controllers\UserController))
 4 SYSTEMPATH\CodeIgniter.php(368): CodeIgniter\CodeIgniter->handleRequest(null, Object(Config\Cache), false)
 5 FCPATH\index.php(67): CodeIgniter\CodeIgniter->run()
CRITICAL - 2023-07-06 07:50:15 --> Undefined property: stdClass::$idMovie
in APPPATH\Controllers\UserController.php on line 135.
 1 APPPATH\Controllers\UserController.php(135): CodeIgniter\Debug\Exceptions->errorHandler(2, 'Undefined property: stdClass::$idMovie', 'D:\\XAMPP\\htdocs\\codeigniter4\\app\\Controllers\\UserController.php', 135)
 2 SYSTEMPATH\CodeIgniter.php(934): App\Controllers\UserController->addMovieInLibrary()
 3 SYSTEMPATH\CodeIgniter.php(499): CodeIgniter\CodeIgniter->runController(Object(App\Controllers\UserController))
 4 SYSTEMPATH\CodeIgniter.php(368): CodeIgniter\CodeIgniter->handleRequest(null, Object(Config\Cache), false)
 5 FCPATH\index.php(67): CodeIgniter\CodeIgniter->run()
CRITICAL - 2023-07-06 07:50:15 --> Undefined property: stdClass::$idMovie
in APPPATH\Controllers\UserController.php on line 135.
 1 APPPATH\Controllers\UserController.php(135): CodeIgniter\Debug\Exceptions->errorHandler(2, 'Undefined property: stdClass::$idMovie', 'D:\\XAMPP\\htdocs\\codeigniter4\\app\\Controllers\\UserController.php', 135)
 2 SYSTEMPATH\CodeIgniter.php(934): App\Controllers\UserController->addMovieInLibrary()
 3 SYSTEMPATH\CodeIgniter.php(499): CodeIgniter\CodeIgniter->runController(Object(App\Controllers\UserController))
 4 SYSTEMPATH\CodeIgniter.php(368): CodeIgniter\CodeIgniter->handleRequest(null, Object(Config\Cache), false)
 5 FCPATH\index.php(67): CodeIgniter\CodeIgniter->run()
CRITICAL - 2023-07-06 07:50:15 --> Undefined property: stdClass::$idMovie
in APPPATH\Controllers\UserController.php on line 135.
 1 APPPATH\Controllers\UserController.php(135): CodeIgniter\Debug\Exceptions->errorHandler(2, 'Undefined property: stdClass::$idMovie', 'D:\\XAMPP\\htdocs\\codeigniter4\\app\\Controllers\\UserController.php', 135)
 2 SYSTEMPATH\CodeIgniter.php(934): App\Controllers\UserController->addMovieInLibrary()
 3 SYSTEMPATH\CodeIgniter.php(499): CodeIgniter\CodeIgniter->runController(Object(App\Controllers\UserController))
 4 SYSTEMPATH\CodeIgniter.php(368): CodeIgniter\CodeIgniter->handleRequest(null, Object(Config\Cache), false)
 5 FCPATH\index.php(67): CodeIgniter\CodeIgniter->run()
CRITICAL - 2023-07-06 07:50:15 --> Undefined property: stdClass::$idMovie
in APPPATH\Controllers\UserController.php on line 135.
 1 APPPATH\Controllers\UserController.php(135): CodeIgniter\Debug\Exceptions->errorHandler(2, 'Undefined property: stdClass::$idMovie', 'D:\\XAMPP\\htdocs\\codeigniter4\\app\\Controllers\\UserController.php', 135)
 2 SYSTEMPATH\CodeIgniter.php(934): App\Controllers\UserController->addMovieInLibrary()
 3 SYSTEMPATH\CodeIgniter.php(499): CodeIgniter\CodeIgniter->runController(Object(App\Controllers\UserController))
 4 SYSTEMPATH\CodeIgniter.php(368): CodeIgniter\CodeIgniter->handleRequest(null, Object(Config\Cache), false)
 5 FCPATH\index.php(67): CodeIgniter\CodeIgniter->run()
CRITICAL - 2023-07-06 07:50:16 --> Undefined property: stdClass::$idMovie
in APPPATH\Controllers\UserController.php on line 135.
 1 APPPATH\Controllers\UserController.php(135): CodeIgniter\Debug\Exceptions->errorHandler(2, 'Undefined property: stdClass::$idMovie', 'D:\\XAMPP\\htdocs\\codeigniter4\\app\\Controllers\\UserController.php', 135)
 2 SYSTEMPATH\CodeIgniter.php(934): App\Controllers\UserController->addMovieInLibrary()
 3 SYSTEMPATH\CodeIgniter.php(499): CodeIgniter\CodeIgniter->runController(Object(App\Controllers\UserController))
 4 SYSTEMPATH\CodeIgniter.php(368): CodeIgniter\CodeIgniter->handleRequest(null, Object(Config\Cache), false)
 5 FCPATH\index.php(67): CodeIgniter\CodeIgniter->run()
CRITICAL - 2023-07-06 07:50:16 --> Undefined property: stdClass::$idMovie
in APPPATH\Controllers\UserController.php on line 135.
 1 APPPATH\Controllers\UserController.php(135): CodeIgniter\Debug\Exceptions->errorHandler(2, 'Undefined property: stdClass::$idMovie', 'D:\\XAMPP\\htdocs\\codeigniter4\\app\\Controllers\\UserController.php', 135)
 2 SYSTEMPATH\CodeIgniter.php(934): App\Controllers\UserController->addMovieInLibrary()
 3 SYSTEMPATH\CodeIgniter.php(499): CodeIgniter\CodeIgniter->runController(Object(App\Controllers\UserController))
 4 SYSTEMPATH\CodeIgniter.php(368): CodeIgniter\CodeIgniter->handleRequest(null, Object(Config\Cache), false)
 5 FCPATH\index.php(67): CodeIgniter\CodeIgniter->run()
CRITICAL - 2023-07-06 07:50:16 --> Undefined property: stdClass::$idMovie
in APPPATH\Controllers\UserController.php on line 135.
 1 APPPATH\Controllers\UserController.php(135): CodeIgniter\Debug\Exceptions->errorHandler(2, 'Undefined property: stdClass::$idMovie', 'D:\\XAMPP\\htdocs\\codeigniter4\\app\\Controllers\\UserController.php', 135)
 2 SYSTEMPATH\CodeIgniter.php(934): App\Controllers\UserController->addMovieInLibrary()
 3 SYSTEMPATH\CodeIgniter.php(499): CodeIgniter\CodeIgniter->runController(Object(App\Controllers\UserController))
 4 SYSTEMPATH\CodeIgniter.php(368): CodeIgniter\CodeIgniter->handleRequest(null, Object(Config\Cache), false)
 5 FCPATH\index.php(67): CodeIgniter\CodeIgniter->run()
CRITICAL - 2023-07-06 07:50:16 --> Undefined property: stdClass::$idMovie
in APPPATH\Controllers\UserController.php on line 135.
 1 APPPATH\Controllers\UserController.php(135): CodeIgniter\Debug\Exceptions->errorHandler(2, 'Undefined property: stdClass::$idMovie', 'D:\\XAMPP\\htdocs\\codeigniter4\\app\\Controllers\\UserController.php', 135)
 2 SYSTEMPATH\CodeIgniter.php(934): App\Controllers\UserController->addMovieInLibrary()
 3 SYSTEMPATH\CodeIgniter.php(499): CodeIgniter\CodeIgniter->runController(Object(App\Controllers\UserController))
 4 SYSTEMPATH\CodeIgniter.php(368): CodeIgniter\CodeIgniter->handleRequest(null, Object(Config\Cache), false)
 5 FCPATH\index.php(67): CodeIgniter\CodeIgniter->run()
INFO - 2023-07-06 07:50:35 --> Fecha de nacimiento : 1999-12-15
CRITICAL - 2023-07-06 07:50:40 --> Undefined property: stdClass::$idMovie
in APPPATH\Controllers\UserController.php on line 135.
 1 APPPATH\Controllers\UserController.php(135): CodeIgniter\Debug\Exceptions->errorHandler(2, 'Undefined property: stdClass::$idMovie', 'D:\\XAMPP\\htdocs\\codeigniter4\\app\\Controllers\\UserController.php', 135)
 2 SYSTEMPATH\CodeIgniter.php(934): App\Controllers\UserController->addMovieInLibrary()
 3 SYSTEMPATH\CodeIgniter.php(499): CodeIgniter\CodeIgniter->runController(Object(App\Controllers\UserController))
 4 SYSTEMPATH\CodeIgniter.php(368): CodeIgniter\CodeIgniter->handleRequest(null, Object(Config\Cache), false)
 5 FCPATH\index.php(67): CodeIgniter\CodeIgniter->run()
CRITICAL - 2023-07-06 07:50:40 --> Undefined property: stdClass::$idMovie
in APPPATH\Controllers\UserController.php on line 135.
 1 APPPATH\Controllers\UserController.php(135): CodeIgniter\Debug\Exceptions->errorHandler(2, 'Undefined property: stdClass::$idMovie', 'D:\\XAMPP\\htdocs\\codeigniter4\\app\\Controllers\\UserController.php', 135)
 2 SYSTEMPATH\CodeIgniter.php(934): App\Controllers\UserController->addMovieInLibrary()
 3 SYSTEMPATH\CodeIgniter.php(499): CodeIgniter\CodeIgniter->runController(Object(App\Controllers\UserController))
 4 SYSTEMPATH\CodeIgniter.php(368): CodeIgniter\CodeIgniter->handleRequest(null, Object(Config\Cache), false)
 5 FCPATH\index.php(67): CodeIgniter\CodeIgniter->run()
CRITICAL - 2023-07-06 07:50:40 --> Undefined property: stdClass::$idMovie
in APPPATH\Controllers\UserController.php on line 135.
 1 APPPATH\Controllers\UserController.php(135): CodeIgniter\Debug\Exceptions->errorHandler(2, 'Undefined property: stdClass::$idMovie', 'D:\\XAMPP\\htdocs\\codeigniter4\\app\\Controllers\\UserController.php', 135)
 2 SYSTEMPATH\CodeIgniter.php(934): App\Controllers\UserController->addMovieInLibrary()
 3 SYSTEMPATH\CodeIgniter.php(499): CodeIgniter\CodeIgniter->runController(Object(App\Controllers\UserController))
 4 SYSTEMPATH\CodeIgniter.php(368): CodeIgniter\CodeIgniter->handleRequest(null, Object(Config\Cache), false)
 5 FCPATH\index.php(67): CodeIgniter\CodeIgniter->run()
CRITICAL - 2023-07-06 07:50:40 --> Undefined property: stdClass::$idMovie
in APPPATH\Controllers\UserController.php on line 135.
 1 APPPATH\Controllers\UserController.php(135): CodeIgniter\Debug\Exceptions->errorHandler(2, 'Undefined property: stdClass::$idMovie', 'D:\\XAMPP\\htdocs\\codeigniter4\\app\\Controllers\\UserController.php', 135)
 2 SYSTEMPATH\CodeIgniter.php(934): App\Controllers\UserController->addMovieInLibrary()
 3 SYSTEMPATH\CodeIgniter.php(499): CodeIgniter\CodeIgniter->runController(Object(App\Controllers\UserController))
 4 SYSTEMPATH\CodeIgniter.php(368): CodeIgniter\CodeIgniter->handleRequest(null, Object(Config\Cache), false)
 5 FCPATH\index.php(67): CodeIgniter\CodeIgniter->run()
CRITICAL - 2023-07-06 07:50:40 --> Undefined property: stdClass::$idMovie
in APPPATH\Controllers\UserController.php on line 135.
 1 APPPATH\Controllers\UserController.php(135): CodeIgniter\Debug\Exceptions->errorHandler(2, 'Undefined property: stdClass::$idMovie', 'D:\\XAMPP\\htdocs\\codeigniter4\\app\\Controllers\\UserController.php', 135)
 2 SYSTEMPATH\CodeIgniter.php(934): App\Controllers\UserController->addMovieInLibrary()
 3 SYSTEMPATH\CodeIgniter.php(499): CodeIgniter\CodeIgniter->runController(Object(App\Controllers\UserController))
 4 SYSTEMPATH\CodeIgniter.php(368): CodeIgniter\CodeIgniter->handleRequest(null, Object(Config\Cache), false)
 5 FCPATH\index.php(67): CodeIgniter\CodeIgniter->run()
CRITICAL - 2023-07-06 07:50:40 --> Undefined property: stdClass::$idMovie
in APPPATH\Controllers\UserController.php on line 135.
 1 APPPATH\Controllers\UserController.php(135): CodeIgniter\Debug\Exceptions->errorHandler(2, 'Undefined property: stdClass::$idMovie', 'D:\\XAMPP\\htdocs\\codeigniter4\\app\\Controllers\\UserController.php', 135)
 2 SYSTEMPATH\CodeIgniter.php(934): App\Controllers\UserController->addMovieInLibrary()
 3 SYSTEMPATH\CodeIgniter.php(499): CodeIgniter\CodeIgniter->runController(Object(App\Controllers\UserController))
 4 SYSTEMPATH\CodeIgniter.php(368): CodeIgniter\CodeIgniter->handleRequest(null, Object(Config\Cache), false)
 5 FCPATH\index.php(67): CodeIgniter\CodeIgniter->run()
CRITICAL - 2023-07-06 07:50:40 --> Undefined property: stdClass::$idMovie
in APPPATH\Controllers\UserController.php on line 135.
 1 APPPATH\Controllers\UserController.php(135): CodeIgniter\Debug\Exceptions->errorHandler(2, 'Undefined property: stdClass::$idMovie', 'D:\\XAMPP\\htdocs\\codeigniter4\\app\\Controllers\\UserController.php', 135)
 2 SYSTEMPATH\CodeIgniter.php(934): App\Controllers\UserController->addMovieInLibrary()
 3 SYSTEMPATH\CodeIgniter.php(499): CodeIgniter\CodeIgniter->runController(Object(App\Controllers\UserController))
 4 SYSTEMPATH\CodeIgniter.php(368): CodeIgniter\CodeIgniter->handleRequest(null, Object(Config\Cache), false)
 5 FCPATH\index.php(67): CodeIgniter\CodeIgniter->run()
CRITICAL - 2023-07-06 07:50:40 --> Undefined property: stdClass::$idMovie
in APPPATH\Controllers\UserController.php on line 135.
 1 APPPATH\Controllers\UserController.php(135): CodeIgniter\Debug\Exceptions->errorHandler(2, 'Undefined property: stdClass::$idMovie', 'D:\\XAMPP\\htdocs\\codeigniter4\\app\\Controllers\\UserController.php', 135)
 2 SYSTEMPATH\CodeIgniter.php(934): App\Controllers\UserController->addMovieInLibrary()
 3 SYSTEMPATH\CodeIgniter.php(499): CodeIgniter\CodeIgniter->runController(Object(App\Controllers\UserController))
 4 SYSTEMPATH\CodeIgniter.php(368): CodeIgniter\CodeIgniter->handleRequest(null, Object(Config\Cache), false)
 5 FCPATH\index.php(67): CodeIgniter\CodeIgniter->run()
CRITICAL - 2023-07-06 07:50:40 --> Undefined property: stdClass::$idMovie
in APPPATH\Controllers\UserController.php on line 135.
 1 APPPATH\Controllers\UserController.php(135): CodeIgniter\Debug\Exceptions->errorHandler(2, 'Undefined property: stdClass::$idMovie', 'D:\\XAMPP\\htdocs\\codeigniter4\\app\\Controllers\\UserController.php', 135)
 2 SYSTEMPATH\CodeIgniter.php(934): App\Controllers\UserController->addMovieInLibrary()
 3 SYSTEMPATH\CodeIgniter.php(499): CodeIgniter\CodeIgniter->runController(Object(App\Controllers\UserController))
 4 SYSTEMPATH\CodeIgniter.php(368): CodeIgniter\CodeIgniter->handleRequest(null, Object(Config\Cache), false)
 5 FCPATH\index.php(67): CodeIgniter\CodeIgniter->run()
CRITICAL - 2023-07-06 07:50:41 --> Undefined property: stdClass::$idMovie
in APPPATH\Controllers\UserController.php on line 135.
 1 APPPATH\Controllers\UserController.php(135): CodeIgniter\Debug\Exceptions->errorHandler(2, 'Undefined property: stdClass::$idMovie', 'D:\\XAMPP\\htdocs\\codeigniter4\\app\\Controllers\\UserController.php', 135)
 2 SYSTEMPATH\CodeIgniter.php(934): App\Controllers\UserController->addMovieInLibrary()
 3 SYSTEMPATH\CodeIgniter.php(499): CodeIgniter\CodeIgniter->runController(Object(App\Controllers\UserController))
 4 SYSTEMPATH\CodeIgniter.php(368): CodeIgniter\CodeIgniter->handleRequest(null, Object(Config\Cache), false)
 5 FCPATH\index.php(67): CodeIgniter\CodeIgniter->run()
INFO - 2023-07-06 07:52:02 --> Fecha de nacimiento : 1999-12-15
CRITICAL - 2023-07-06 07:52:12 --> Undefined property: stdClass::$idMovie
in APPPATH\Controllers\UserController.php on line 135.
 1 APPPATH\Controllers\UserController.php(135): CodeIgniter\Debug\Exceptions->errorHandler(2, 'Undefined property: stdClass::$idMovie', 'D:\\XAMPP\\htdocs\\codeigniter4\\app\\Controllers\\UserController.php', 135)
 2 SYSTEMPATH\CodeIgniter.php(934): App\Controllers\UserController->addMovieInLibrary()
 3 SYSTEMPATH\CodeIgniter.php(499): CodeIgniter\CodeIgniter->runController(Object(App\Controllers\UserController))
 4 SYSTEMPATH\CodeIgniter.php(368): CodeIgniter\CodeIgniter->handleRequest(null, Object(Config\Cache), false)
 5 FCPATH\index.php(67): CodeIgniter\CodeIgniter->run()
INFO - 2023-07-06 07:52:32 --> Fecha de nacimiento : 1999-12-15
INFO - 2023-07-06 07:55:36 --> Fecha de nacimiento : 1999-12-15
CRITICAL - 2023-07-06 07:55:44 --> Undefined property: stdClass::$idMovie
in APPPATH\Controllers\UserController.php on line 135.
 1 APPPATH\Controllers\UserController.php(135): CodeIgniter\Debug\Exceptions->errorHandler(2, 'Undefined property: stdClass::$idMovie', 'D:\\XAMPP\\htdocs\\codeigniter4\\app\\Controllers\\UserController.php', 135)
 2 SYSTEMPATH\CodeIgniter.php(934): App\Controllers\UserController->addMovieInLibrary()
 3 SYSTEMPATH\CodeIgniter.php(499): CodeIgniter\CodeIgniter->runController(Object(App\Controllers\UserController))
 4 SYSTEMPATH\CodeIgniter.php(368): CodeIgniter\CodeIgniter->handleRequest(null, Object(Config\Cache), false)
 5 FCPATH\index.php(67): CodeIgniter\CodeIgniter->run()
CRITICAL - 2023-07-06 07:55:46 --> Undefined property: stdClass::$idMovie
in APPPATH\Controllers\UserController.php on line 135.
 1 APPPATH\Controllers\UserController.php(135): CodeIgniter\Debug\Exceptions->errorHandler(2, 'Undefined property: stdClass::$idMovie', 'D:\\XAMPP\\htdocs\\codeigniter4\\app\\Controllers\\UserController.php', 135)
 2 SYSTEMPATH\CodeIgniter.php(934): App\Controllers\UserController->addMovieInLibrary()
 3 SYSTEMPATH\CodeIgniter.php(499): CodeIgniter\CodeIgniter->runController(Object(App\Controllers\UserController))
 4 SYSTEMPATH\CodeIgniter.php(368): CodeIgniter\CodeIgniter->handleRequest(null, Object(Config\Cache), false)
 5 FCPATH\index.php(67): CodeIgniter\CodeIgniter->run()
CRITICAL - 2023-07-06 07:55:47 --> Undefined property: stdClass::$idMovie
in APPPATH\Controllers\UserController.php on line 135.
 1 APPPATH\Controllers\UserController.php(135): CodeIgniter\Debug\Exceptions->errorHandler(2, 'Undefined property: stdClass::$idMovie', 'D:\\XAMPP\\htdocs\\codeigniter4\\app\\Controllers\\UserController.php', 135)
 2 SYSTEMPATH\CodeIgniter.php(934): App\Controllers\UserController->addMovieInLibrary()
 3 SYSTEMPATH\CodeIgniter.php(499): CodeIgniter\CodeIgniter->runController(Object(App\Controllers\UserController))
 4 SYSTEMPATH\CodeIgniter.php(368): CodeIgniter\CodeIgniter->handleRequest(null, Object(Config\Cache), false)
 5 FCPATH\index.php(67): CodeIgniter\CodeIgniter->run()
CRITICAL - 2023-07-06 07:55:47 --> Undefined property: stdClass::$idMovie
in APPPATH\Controllers\UserController.php on line 135.
 1 APPPATH\Controllers\UserController.php(135): CodeIgniter\Debug\Exceptions->errorHandler(2, 'Undefined property: stdClass::$idMovie', 'D:\\XAMPP\\htdocs\\codeigniter4\\app\\Controllers\\UserController.php', 135)
 2 SYSTEMPATH\CodeIgniter.php(934): App\Controllers\UserController->addMovieInLibrary()
 3 SYSTEMPATH\CodeIgniter.php(499): CodeIgniter\CodeIgniter->runController(Object(App\Controllers\UserController))
 4 SYSTEMPATH\CodeIgniter.php(368): CodeIgniter\CodeIgniter->handleRequest(null, Object(Config\Cache), false)
 5 FCPATH\index.php(67): CodeIgniter\CodeIgniter->run()
CRITICAL - 2023-07-06 07:56:16 --> Undefined property: stdClass::$idMovie
in APPPATH\Controllers\UserController.php on line 135.
 1 APPPATH\Controllers\UserController.php(135): CodeIgniter\Debug\Exceptions->errorHandler(2, 'Undefined property: stdClass::$idMovie', 'D:\\XAMPP\\htdocs\\codeigniter4\\app\\Controllers\\UserController.php', 135)
 2 SYSTEMPATH\CodeIgniter.php(934): App\Controllers\UserController->addMovieInLibrary()
 3 SYSTEMPATH\CodeIgniter.php(499): CodeIgniter\CodeIgniter->runController(Object(App\Controllers\UserController))
 4 SYSTEMPATH\CodeIgniter.php(368): CodeIgniter\CodeIgniter->handleRequest(null, Object(Config\Cache), false)
 5 FCPATH\index.php(67): CodeIgniter\CodeIgniter->run()
CRITICAL - 2023-07-06 07:56:17 --> Undefined property: stdClass::$idMovie
in APPPATH\Controllers\UserController.php on line 135.
 1 APPPATH\Controllers\UserController.php(135): CodeIgniter\Debug\Exceptions->errorHandler(2, 'Undefined property: stdClass::$idMovie', 'D:\\XAMPP\\htdocs\\codeigniter4\\app\\Controllers\\UserController.php', 135)
 2 SYSTEMPATH\CodeIgniter.php(934): App\Controllers\UserController->addMovieInLibrary()
 3 SYSTEMPATH\CodeIgniter.php(499): CodeIgniter\CodeIgniter->runController(Object(App\Controllers\UserController))
 4 SYSTEMPATH\CodeIgniter.php(368): CodeIgniter\CodeIgniter->handleRequest(null, Object(Config\Cache), false)
 5 FCPATH\index.php(67): CodeIgniter\CodeIgniter->run()
CRITICAL - 2023-07-06 07:56:20 --> Undefined property: stdClass::$idMovie
in APPPATH\Controllers\UserController.php on line 135.
 1 APPPATH\Controllers\UserController.php(135): CodeIgniter\Debug\Exceptions->errorHandler(2, 'Undefined property: stdClass::$idMovie', 'D:\\XAMPP\\htdocs\\codeigniter4\\app\\Controllers\\UserController.php', 135)
 2 SYSTEMPATH\CodeIgniter.php(934): App\Controllers\UserController->addMovieInLibrary()
 3 SYSTEMPATH\CodeIgniter.php(499): CodeIgniter\CodeIgniter->runController(Object(App\Controllers\UserController))
 4 SYSTEMPATH\CodeIgniter.php(368): CodeIgniter\CodeIgniter->handleRequest(null, Object(Config\Cache), false)
 5 FCPATH\index.php(67): CodeIgniter\CodeIgniter->run()
CRITICAL - 2023-07-06 07:56:21 --> Undefined property: stdClass::$idMovie
in APPPATH\Controllers\UserController.php on line 135.
 1 APPPATH\Controllers\UserController.php(135): CodeIgniter\Debug\Exceptions->errorHandler(2, 'Undefined property: stdClass::$idMovie', 'D:\\XAMPP\\htdocs\\codeigniter4\\app\\Controllers\\UserController.php', 135)
 2 SYSTEMPATH\CodeIgniter.php(934): App\Controllers\UserController->addMovieInLibrary()
 3 SYSTEMPATH\CodeIgniter.php(499): CodeIgniter\CodeIgniter->runController(Object(App\Controllers\UserController))
 4 SYSTEMPATH\CodeIgniter.php(368): CodeIgniter\CodeIgniter->handleRequest(null, Object(Config\Cache), false)
 5 FCPATH\index.php(67): CodeIgniter\CodeIgniter->run()
CRITICAL - 2023-07-06 07:56:21 --> Undefined property: stdClass::$idMovie
in APPPATH\Controllers\UserController.php on line 135.
 1 APPPATH\Controllers\UserController.php(135): CodeIgniter\Debug\Exceptions->errorHandler(2, 'Undefined property: stdClass::$idMovie', 'D:\\XAMPP\\htdocs\\codeigniter4\\app\\Controllers\\UserController.php', 135)
 2 SYSTEMPATH\CodeIgniter.php(934): App\Controllers\UserController->addMovieInLibrary()
 3 SYSTEMPATH\CodeIgniter.php(499): CodeIgniter\CodeIgniter->runController(Object(App\Controllers\UserController))
 4 SYSTEMPATH\CodeIgniter.php(368): CodeIgniter\CodeIgniter->handleRequest(null, Object(Config\Cache), false)
 5 FCPATH\index.php(67): CodeIgniter\CodeIgniter->run()
CRITICAL - 2023-07-06 07:56:21 --> Undefined property: stdClass::$idMovie
in APPPATH\Controllers\UserController.php on line 135.
 1 APPPATH\Controllers\UserController.php(135): CodeIgniter\Debug\Exceptions->errorHandler(2, 'Undefined property: stdClass::$idMovie', 'D:\\XAMPP\\htdocs\\codeigniter4\\app\\Controllers\\UserController.php', 135)
 2 SYSTEMPATH\CodeIgniter.php(934): App\Controllers\UserController->addMovieInLibrary()
 3 SYSTEMPATH\CodeIgniter.php(499): CodeIgniter\CodeIgniter->runController(Object(App\Controllers\UserController))
 4 SYSTEMPATH\CodeIgniter.php(368): CodeIgniter\CodeIgniter->handleRequest(null, Object(Config\Cache), false)
 5 FCPATH\index.php(67): CodeIgniter\CodeIgniter->run()
CRITICAL - 2023-07-06 07:56:22 --> Undefined property: stdClass::$idMovie
in APPPATH\Controllers\UserController.php on line 135.
 1 APPPATH\Controllers\UserController.php(135): CodeIgniter\Debug\Exceptions->errorHandler(2, 'Undefined property: stdClass::$idMovie', 'D:\\XAMPP\\htdocs\\codeigniter4\\app\\Controllers\\UserController.php', 135)
 2 SYSTEMPATH\CodeIgniter.php(934): App\Controllers\UserController->addMovieInLibrary()
 3 SYSTEMPATH\CodeIgniter.php(499): CodeIgniter\CodeIgniter->runController(Object(App\Controllers\UserController))
 4 SYSTEMPATH\CodeIgniter.php(368): CodeIgniter\CodeIgniter->handleRequest(null, Object(Config\Cache), false)
 5 FCPATH\index.php(67): CodeIgniter\CodeIgniter->run()
CRITICAL - 2023-07-06 07:56:22 --> Undefined property: stdClass::$idMovie
in APPPATH\Controllers\UserController.php on line 135.
 1 APPPATH\Controllers\UserController.php(135): CodeIgniter\Debug\Exceptions->errorHandler(2, 'Undefined property: stdClass::$idMovie', 'D:\\XAMPP\\htdocs\\codeigniter4\\app\\Controllers\\UserController.php', 135)
 2 SYSTEMPATH\CodeIgniter.php(934): App\Controllers\UserController->addMovieInLibrary()
 3 SYSTEMPATH\CodeIgniter.php(499): CodeIgniter\CodeIgniter->runController(Object(App\Controllers\UserController))
 4 SYSTEMPATH\CodeIgniter.php(368): CodeIgniter\CodeIgniter->handleRequest(null, Object(Config\Cache), false)
 5 FCPATH\index.php(67): CodeIgniter\CodeIgniter->run()
CRITICAL - 2023-07-06 07:56:22 --> Undefined property: stdClass::$idMovie
in APPPATH\Controllers\UserController.php on line 135.
 1 APPPATH\Controllers\UserController.php(135): CodeIgniter\Debug\Exceptions->errorHandler(2, 'Undefined property: stdClass::$idMovie', 'D:\\XAMPP\\htdocs\\codeigniter4\\app\\Controllers\\UserController.php', 135)
 2 SYSTEMPATH\CodeIgniter.php(934): App\Controllers\UserController->addMovieInLibrary()
 3 SYSTEMPATH\CodeIgniter.php(499): CodeIgniter\CodeIgniter->runController(Object(App\Controllers\UserController))
 4 SYSTEMPATH\CodeIgniter.php(368): CodeIgniter\CodeIgniter->handleRequest(null, Object(Config\Cache), false)
 5 FCPATH\index.php(67): CodeIgniter\CodeIgniter->run()
CRITICAL - 2023-07-06 07:56:22 --> Undefined property: stdClass::$idMovie
in APPPATH\Controllers\UserController.php on line 135.
 1 APPPATH\Controllers\UserController.php(135): CodeIgniter\Debug\Exceptions->errorHandler(2, 'Undefined property: stdClass::$idMovie', 'D:\\XAMPP\\htdocs\\codeigniter4\\app\\Controllers\\UserController.php', 135)
 2 SYSTEMPATH\CodeIgniter.php(934): App\Controllers\UserController->addMovieInLibrary()
 3 SYSTEMPATH\CodeIgniter.php(499): CodeIgniter\CodeIgniter->runController(Object(App\Controllers\UserController))
 4 SYSTEMPATH\CodeIgniter.php(368): CodeIgniter\CodeIgniter->handleRequest(null, Object(Config\Cache), false)
 5 FCPATH\index.php(67): CodeIgniter\CodeIgniter->run()
CRITICAL - 2023-07-06 07:56:22 --> Undefined property: stdClass::$idMovie
in APPPATH\Controllers\UserController.php on line 135.
 1 APPPATH\Controllers\UserController.php(135): CodeIgniter\Debug\Exceptions->errorHandler(2, 'Undefined property: stdClass::$idMovie', 'D:\\XAMPP\\htdocs\\codeigniter4\\app\\Controllers\\UserController.php', 135)
 2 SYSTEMPATH\CodeIgniter.php(934): App\Controllers\UserController->addMovieInLibrary()
 3 SYSTEMPATH\CodeIgniter.php(499): CodeIgniter\CodeIgniter->runController(Object(App\Controllers\UserController))
 4 SYSTEMPATH\CodeIgniter.php(368): CodeIgniter\CodeIgniter->handleRequest(null, Object(Config\Cache), false)
 5 FCPATH\index.php(67): CodeIgniter\CodeIgniter->run()
CRITICAL - 2023-07-06 07:56:23 --> Undefined property: stdClass::$idMovie
in APPPATH\Controllers\UserController.php on line 135.
 1 APPPATH\Controllers\UserController.php(135): CodeIgniter\Debug\Exceptions->errorHandler(2, 'Undefined property: stdClass::$idMovie', 'D:\\XAMPP\\htdocs\\codeigniter4\\app\\Controllers\\UserController.php', 135)
 2 SYSTEMPATH\CodeIgniter.php(934): App\Controllers\UserController->addMovieInLibrary()
 3 SYSTEMPATH\CodeIgniter.php(499): CodeIgniter\CodeIgniter->runController(Object(App\Controllers\UserController))
 4 SYSTEMPATH\CodeIgniter.php(368): CodeIgniter\CodeIgniter->handleRequest(null, Object(Config\Cache), false)
 5 FCPATH\index.php(67): CodeIgniter\CodeIgniter->run()
CRITICAL - 2023-07-06 07:56:23 --> Undefined property: stdClass::$idMovie
in APPPATH\Controllers\UserController.php on line 135.
 1 APPPATH\Controllers\UserController.php(135): CodeIgniter\Debug\Exceptions->errorHandler(2, 'Undefined property: stdClass::$idMovie', 'D:\\XAMPP\\htdocs\\codeigniter4\\app\\Controllers\\UserController.php', 135)
 2 SYSTEMPATH\CodeIgniter.php(934): App\Controllers\UserController->addMovieInLibrary()
 3 SYSTEMPATH\CodeIgniter.php(499): CodeIgniter\CodeIgniter->runController(Object(App\Controllers\UserController))
 4 SYSTEMPATH\CodeIgniter.php(368): CodeIgniter\CodeIgniter->handleRequest(null, Object(Config\Cache), false)
 5 FCPATH\index.php(67): CodeIgniter\CodeIgniter->run()
CRITICAL - 2023-07-06 07:56:23 --> Undefined property: stdClass::$idMovie
in APPPATH\Controllers\UserController.php on line 135.
 1 APPPATH\Controllers\UserController.php(135): CodeIgniter\Debug\Exceptions->errorHandler(2, 'Undefined property: stdClass::$idMovie', 'D:\\XAMPP\\htdocs\\codeigniter4\\app\\Controllers\\UserController.php', 135)
 2 SYSTEMPATH\CodeIgniter.php(934): App\Controllers\UserController->addMovieInLibrary()
 3 SYSTEMPATH\CodeIgniter.php(499): CodeIgniter\CodeIgniter->runController(Object(App\Controllers\UserController))
 4 SYSTEMPATH\CodeIgniter.php(368): CodeIgniter\CodeIgniter->handleRequest(null, Object(Config\Cache), false)
 5 FCPATH\index.php(67): CodeIgniter\CodeIgniter->run()
CRITICAL - 2023-07-06 07:56:23 --> Undefined property: stdClass::$idMovie
in APPPATH\Controllers\UserController.php on line 135.
 1 APPPATH\Controllers\UserController.php(135): CodeIgniter\Debug\Exceptions->errorHandler(2, 'Undefined property: stdClass::$idMovie', 'D:\\XAMPP\\htdocs\\codeigniter4\\app\\Controllers\\UserController.php', 135)
 2 SYSTEMPATH\CodeIgniter.php(934): App\Controllers\UserController->addMovieInLibrary()
 3 SYSTEMPATH\CodeIgniter.php(499): CodeIgniter\CodeIgniter->runController(Object(App\Controllers\UserController))
 4 SYSTEMPATH\CodeIgniter.php(368): CodeIgniter\CodeIgniter->handleRequest(null, Object(Config\Cache), false)
 5 FCPATH\index.php(67): CodeIgniter\CodeIgniter->run()
CRITICAL - 2023-07-06 07:57:48 --> Undefined property: stdClass::$idMovie
in APPPATH\Controllers\UserController.php on line 135.
 1 APPPATH\Controllers\UserController.php(135): CodeIgniter\Debug\Exceptions->errorHandler(2, 'Undefined property: stdClass::$idMovie', 'D:\\XAMPP\\htdocs\\codeigniter4\\app\\Controllers\\UserController.php', 135)
 2 SYSTEMPATH\CodeIgniter.php(934): App\Controllers\UserController->addMovieInLibrary()
 3 SYSTEMPATH\CodeIgniter.php(499): CodeIgniter\CodeIgniter->runController(Object(App\Controllers\UserController))
 4 SYSTEMPATH\CodeIgniter.php(368): CodeIgniter\CodeIgniter->handleRequest(null, Object(Config\Cache), false)
 5 FCPATH\index.php(67): CodeIgniter\CodeIgniter->run()
INFO - 2023-07-06 20:47:58 --> Fecha de nacimiento : 1999-12-15
INFO - 2023-07-06 20:49:04 --> Fecha de nacimiento : 1999-12-15
INFO - 2023-07-06 20:55:13 --> Fecha de nacimiento : 1999-12-15
INFO - 2023-07-06 20:57:36 --> Fecha de nacimiento : 1999-12-15
INFO - 2023-07-06 20:58:31 --> Fecha de nacimiento : 1999-12-15
INFO - 2023-07-06 20:59:53 --> Fecha de nacimiento : 1999-12-15
INFO - 2023-07-06 21:01:10 --> Fecha de nacimiento : 1999-12-15
INFO - 2023-07-06 21:01:30 --> Fecha de nacimiento : 1999-12-15
INFO - 2023-07-06 21:03:34 --> Fecha de nacimiento : 1999-12-15
INFO - 2023-07-06 21:04:23 --> Fecha de nacimiento : 1999-12-15
INFO - 2023-07-06 21:11:06 --> Fecha de nacimiento : 1999-12-15
CRITICAL - 2023-07-06 21:11:14 --> Undefined property: stdClass::$idMovie
in APPPATH\Controllers\UserController.php on line 135.
 1 APPPATH\Controllers\UserController.php(135): CodeIgniter\Debug\Exceptions->errorHandler(2, 'Undefined property: stdClass::$idMovie', 'D:\\XAMPP\\htdocs\\codeigniter4\\app\\Controllers\\UserController.php', 135)
 2 SYSTEMPATH\CodeIgniter.php(934): App\Controllers\UserController->addMovieInLibrary()
 3 SYSTEMPATH\CodeIgniter.php(499): CodeIgniter\CodeIgniter->runController(Object(App\Controllers\UserController))
 4 SYSTEMPATH\CodeIgniter.php(368): CodeIgniter\CodeIgniter->handleRequest(null, Object(Config\Cache), false)
 5 FCPATH\index.php(67): CodeIgniter\CodeIgniter->run()
CRITICAL - 2023-07-06 21:11:37 --> Undefined property: stdClass::$idMovie
in APPPATH\Controllers\UserController.php on line 135.
 1 APPPATH\Controllers\UserController.php(135): CodeIgniter\Debug\Exceptions->errorHandler(2, 'Undefined property: stdClass::$idMovie', 'D:\\XAMPP\\htdocs\\codeigniter4\\app\\Controllers\\UserController.php', 135)
 2 SYSTEMPATH\CodeIgniter.php(934): App\Controllers\UserController->addMovieInLibrary()
 3 SYSTEMPATH\CodeIgniter.php(499): CodeIgniter\CodeIgniter->runController(Object(App\Controllers\UserController))
 4 SYSTEMPATH\CodeIgniter.php(368): CodeIgniter\CodeIgniter->handleRequest(null, Object(Config\Cache), false)
 5 FCPATH\index.php(67): CodeIgniter\CodeIgniter->run()
INFO - 2023-07-06 21:14:07 --> Fecha de nacimiento : 1999-12-15
ERROR - 2023-07-06 21:14:16 --> ErrorException: pg_query(): Query failed: ERROR:  llave duplicada viola restriccin de unicidad library_pkey
DETAIL:  Ya existe la llave (id)=(12). in D:\XAMPP\htdocs\codeigniter4\vendor\codeigniter4\framework\system\Database\Postgre\Connection.php:152
Stack trace:
#0 [internal function]: CodeIgniter\Debug\Exceptions->errorHandler(2, 'pg_query(): Que...', 'D:\\XAMPP\\htdocs...', 152)
#1 D:\XAMPP\htdocs\codeigniter4\vendor\codeigniter4\framework\system\Database\Postgre\Connection.php(152): pg_query(Object(PgSql\Connection), 'INSERT INTO "li...')
#2 D:\XAMPP\htdocs\codeigniter4\vendor\codeigniter4\framework\system\Database\BaseConnection.php(692): CodeIgniter\Database\Postgre\Connection->execute('INSERT INTO "li...')
#3 D:\XAMPP\htdocs\codeigniter4\vendor\codeigniter4\framework\system\Database\BaseConnection.php(606): CodeIgniter\Database\BaseConnection->simpleQuery('INSERT INTO "li...')
#4 D:\XAMPP\htdocs\codeigniter4\vendor\codeigniter4\framework\system\Database\BaseBuilder.php(2309): CodeIgniter\Database\BaseConnection->query('INSERT INTO "li...', Array, false)
#5 D:\XAMPP\htdocs\codeigniter4\vendor\codeigniter4\framework\system\Model.php(330): CodeIgniter\Database\BaseBuilder->insert()
#6 D:\XAMPP\htdocs\codeigniter4\vendor\codeigniter4\framework\system\BaseModel.php(782): CodeIgniter\Model->doInsert(Array)
#7 D:\XAMPP\htdocs\codeigniter4\vendor\codeigniter4\framework\system\Model.php(730): CodeIgniter\BaseModel->insert(Array, true)
#8 D:\XAMPP\htdocs\codeigniter4\app\Controllers\UserController.php(142): CodeIgniter\Model->insert(Array)
#9 D:\XAMPP\htdocs\codeigniter4\vendor\codeigniter4\framework\system\CodeIgniter.php(934): App\Controllers\UserController->addMovieInLibrary()
#10 D:\XAMPP\htdocs\codeigniter4\vendor\codeigniter4\framework\system\CodeIgniter.php(499): CodeIgniter\CodeIgniter->runController(Object(App\Controllers\UserController))
#11 D:\XAMPP\htdocs\codeigniter4\vendor\codeigniter4\framework\system\CodeIgniter.php(368): CodeIgniter\CodeIgniter->handleRequest(NULL, Object(Config\Cache), false)
#12 D:\XAMPP\htdocs\codeigniter4\public\index.php(67): CodeIgniter\CodeIgniter->run()
#13 {main}
CRITICAL - 2023-07-06 21:14:16 --> pg_query(): Query failed: ERROR:  llave duplicada viola restriccin de unicidad library_pkey
DETAIL:  Ya existe la llave (id)=(12).
in SYSTEMPATH\Database\Postgre\Connection.php on line 152.
 1 [internal function]: CodeIgniter\Debug\Exceptions->errorHandler(2, 'pg_query(): Query failed: ERROR:  llave duplicada viola restriccin de unicidad library_pkey
DETAIL:  Ya existe la llave (id)=(12).', 'D:\\XAMPP\\htdocs\\codeigniter4\\vendor\\codeigniter4\\framework\\system\\Database\\Postgre\\Connection.php', 152)
 2 SYSTEMPATH\Database\Postgre\Connection.php(152): pg_query(Object(PgSql\Connection), 'INSERT INTO "library" ("idmovie", "iduser") VALUES (293990, \'4\')')
 3 SYSTEMPATH\Database\BaseConnection.php(692): CodeIgniter\Database\Postgre\Connection->execute('INSERT INTO "library" ("idmovie", "iduser") VALUES (293990, \'4\')')
 4 SYSTEMPATH\Database\BaseConnection.php(606): CodeIgniter\Database\BaseConnection->simpleQuery('INSERT INTO "library" ("idmovie", "iduser") VALUES (293990, \'4\')')
 5 SYSTEMPATH\Database\BaseBuilder.php(2309): CodeIgniter\Database\BaseConnection->query('INSERT INTO "library" ("idmovie", "iduser") VALUES (:idmovie:, :iduser:)', [...], false)
 6 SYSTEMPATH\Model.php(330): CodeIgniter\Database\BaseBuilder->insert()
 7 SYSTEMPATH\BaseModel.php(782): CodeIgniter\Model->doInsert([...])
 8 SYSTEMPATH\Model.php(730): CodeIgniter\BaseModel->insert([...], true)
 9 APPPATH\Controllers\UserController.php(142): CodeIgniter\Model->insert([...])
10 SYSTEMPATH\CodeIgniter.php(934): App\Controllers\UserController->addMovieInLibrary()
11 SYSTEMPATH\CodeIgniter.php(499): CodeIgniter\CodeIgniter->runController(Object(App\Controllers\UserController))
12 SYSTEMPATH\CodeIgniter.php(368): CodeIgniter\CodeIgniter->handleRequest(null, Object(Config\Cache), false)
13 FCPATH\index.php(67): CodeIgniter\CodeIgniter->run()
INFO - 2023-07-06 21:15:28 --> 293990
INFO - 2023-07-06 21:22:27 --> Fecha de nacimiento : 1999-12-15
INFO - 2023-07-06 21:22:36 --> 541747
INFO - 2023-07-06 21:24:09 --> Fecha de nacimiento : 1999-12-15
INFO - 2023-07-06 21:24:19 --> 234190
INFO - 2023-07-06 21:25:01 --> 234190
INFO - 2023-07-06 21:40:34 --> Fecha de nacimiento : 1999-12-15
INFO - 2023-07-06 21:40:43 --> 293990
INFO - 2023-07-06 21:40:47 --> 448646
INFO - 2023-07-06 21:40:51 --> 349425
INFO - 2023-07-06 21:41:58 --> Fecha de nacimiento : 1999-12-15
INFO - 2023-07-06 21:42:05 --> 293990
INFO - 2023-07-06 21:42:20 --> Fecha de nacimiento : 1999-12-15
INFO - 2023-07-06 21:42:28 --> 448646
INFO - 2023-07-06 21:42:31 --> 234190
INFO - 2023-07-06 22:17:13 --> Fecha de nacimiento : 1999-12-15
INFO - 2023-07-06 22:17:22 --> 293990
INFO - 2023-07-06 22:17:25 --> 234190
INFO - 2023-07-06 22:17:29 --> 349425
INFO - 2023-07-06 22:20:50 --> Fecha de nacimiento : 1999-12-15
INFO - 2023-07-06 22:21:01 --> 216712
INFO - 2023-07-06 22:21:50 --> 448646
INFO - 2023-07-06 22:33:21 --> Fecha de nacimiento : 1999-12-15
INFO - 2023-07-06 22:33:32 --> 56580
INFO - 2023-07-06 22:33:58 --> Fecha de nacimiento : 1999-12-15
INFO - 2023-07-06 22:34:07 --> 865208
INFO - 2023-07-06 22:34:25 --> Fecha de nacimiento : 1999-12-15
INFO - 2023-07-06 22:34:32 --> 216712
INFO - 2023-07-06 22:34:48 --> 293990
INFO - 2023-07-06 22:38:37 --> Fecha de nacimiento : 1999-12-15
INFO - 2023-07-06 22:38:44 --> 448646
INFO - 2023-07-06 22:41:23 --> Fecha de nacimiento : 1999-12-15
INFO - 2023-07-06 22:41:46 --> 7
INFO - 2023-07-06 22:41:58 --> 94024
INFO - 2023-07-06 22:42:02 --> 28801
INFO - 2023-07-06 22:42:03 --> 211396
INFO - 2023-07-06 22:42:04 --> 114333
INFO - 2023-07-06 22:42:05 --> 221890
INFO - 2023-07-06 22:42:05 --> 114335
INFO - 2023-07-06 22:42:06 --> 1268
INFO - 2023-07-06 22:48:49 --> Fecha de nacimiento : 1999-12-15
INFO - 2023-07-06 22:49:11 --> 66
INFO - 2023-07-06 22:50:55 --> Fecha de nacimiento : 1999-12-15
INFO - 2023-07-06 22:51:15 --> 12601
INFO - 2023-07-06 22:51:18 --> 66
INFO - 2023-07-06 22:52:48 --> Fecha de nacimiento : 1999-12-15
INFO - 2023-07-06 22:53:04 --> 438
INFO - 2023-07-06 22:53:47 --> 1157
INFO - 2023-07-06 22:54:35 --> 349425
INFO - 2023-07-06 22:54:55 --> 66
INFO - 2023-07-06 22:55:45 --> 438
INFO - 2023-07-06 22:56:26 --> 293990
INFO - 2023-07-06 22:59:15 --> Fecha de nacimiento : 1999-12-15
INFO - 2023-07-06 22:59:28 --> 216712
INFO - 2023-07-06 23:00:47 --> Fecha de nacimiento : 1999-12-15
INFO - 2023-07-06 23:00:55 --> 448646
INFO - 2023-07-06 23:01:41 --> Fecha de nacimiento : 1999-12-15
INFO - 2023-07-06 23:01:49 --> 234190
INFO - 2023-07-06 23:02:51 --> Fecha de nacimiento : 1999-12-15
INFO - 2023-07-06 23:03:00 --> 541747
INFO - 2023-07-06 23:03:30 --> 541747
INFO - 2023-07-06 23:03:30 --> Fecha de nacimiento : 1999-12-15
INFO - 2023-07-06 23:03:39 --> 865208
INFO - 2023-07-06 23:03:42 --> 865208
INFO - 2023-07-06 23:03:42 --> Fecha de nacimiento : 1999-12-15
INFO - 2023-07-06 23:21:34 --> Fecha de nacimiento : 1999-12-15
INFO - 2023-07-06 23:21:41 --> 293990
INFO - 2023-07-06 23:22:25 --> Fecha de nacimiento : 1999-12-15
INFO - 2023-07-06 23:22:33 --> 448646
INFO - 2023-07-06 23:28:51 --> Fecha de nacimiento : 1999-12-15
INFO - 2023-07-06 23:29:06 --> 66
INFO - 2023-07-06 23:32:20 --> Fecha de nacimiento : 1999-12-15
INFO - 2023-07-06 23:32:29 --> 216712
INFO - 2023-07-06 23:47:12 --> Fecha de nacimiento : 1999-12-15
INFO - 2023-07-06 23:47:50 --> Fecha de nacimiento : 1999-12-15
INFO - 2023-07-06 23:58:42 --> Fecha de nacimiento : 1999-12-15
INFO - 2023-07-06 23:59:27 --> Fecha de nacimiento : 1999-12-15
