CRITICAL - 2023-06-05 01:42:23 --> syntax error, unexpected variable "$hola"
in APPPATH\Controllers\Home.php on line 9.
 1 SYSTEMPATH\Autoloader\Autoloader.php(289): CodeIgniter\Autoloader\Autoloader->includeFile('D:\\XAMPP\\htdocs\\codeigniter4\\app\\Controllers\\Home.php')
 2 SYSTEMPATH\Autoloader\Autoloader.php(267): CodeIgniter\Autoloader\Autoloader->loadInNamespace('App\\Controllers\\Home')
 3 [internal function]: CodeIgniter\Autoloader\Autoloader->loadClass('App\\Controllers\\Home')
 4 SYSTEMPATH\CodeIgniter.php(892): class_exists('\\App\\Controllers\\Home', true)
 5 SYSTEMPATH\CodeIgniter.php(486): CodeIgniter\CodeIgniter->startController()
 6 SYSTEMPATH\CodeIgniter.php(368): CodeIgniter\CodeIgniter->handleRequest(null, Object(Config\Cache), false)
 7 FCPATH\index.php(67): CodeIgniter\CodeIgniter->run()
INFO - 2023-06-05 01:43:26 --> Estoy imprimiendo por consola el comportameinto
INFO - 2023-06-05 01:47:18 --> Estoy imprimiendo por consola el comportameinto25
INFO - 2023-06-05 01:47:32 --> Estoy imprimiendo por consola el comportameinto25
CRITICAL - 2023-06-05 01:48:12 --> Array to string conversion
in APPPATH\Controllers\Home.php on line 10.
 1 APPPATH\Controllers\Home.php(10): CodeIgniter\Debug\Exceptions->errorHandler(2, 'Array to string conversion', 'D:\\XAMPP\\htdocs\\codeigniter4\\app\\Controllers\\Home.php', 10)
 2 SYSTEMPATH\CodeIgniter.php(934): App\Controllers\Home->index()
 3 SYSTEMPATH\CodeIgniter.php(499): CodeIgniter\CodeIgniter->runController(Object(App\Controllers\Home))
 4 SYSTEMPATH\CodeIgniter.php(368): CodeIgniter\CodeIgniter->handleRequest(null, Object(Config\Cache), false)
 5 FCPATH\index.php(67): CodeIgniter\CodeIgniter->run()
INFO - 2023-06-05 01:48:55 --> Estoy imprimiendo por consola el comportameintojuean
