INFO - 2023-07-02 03:34:01 --> Prueba test : object
INFO - 2023-07-02 03:34:01 --> Prueba test ----> : usuario1@example.com
INFO - 2023-07-02 03:34:01 --> Usuario buscado de la BD ----> : John
INFO - 2023-07-02 03:36:10 --> Prueba test : object
INFO - 2023-07-02 03:36:10 --> Prueba test ----> : usuario1@example.com
INFO - 2023-07-02 03:36:10 --> Usuario buscado de la BD ----> : John
INFO - 2023-07-02 03:43:05 --> Prueba test : object
INFO - 2023-07-02 03:43:05 --> Prueba test ----> : usuario1@example.com
INFO - 2023-07-02 03:43:05 --> Usuario buscado de la BD ----> : John
INFO - 2023-07-02 03:44:39 --> Prueba test : object
INFO - 2023-07-02 03:44:39 --> Prueba test ----> : usuario1@example.com
INFO - 2023-07-02 03:44:39 --> Usuario buscado de la BD ----> : John
INFO - 2023-07-02 03:46:00 --> Prueba test : object
INFO - 2023-07-02 03:46:00 --> Prueba test ----> : usuario1@example.com
INFO - 2023-07-02 03:46:00 --> Usuario buscado de la BD ----> : John
INFO - 2023-07-02 03:47:16 --> Prueba test : object
INFO - 2023-07-02 03:47:16 --> Prueba test ----> : usuario1@example.com
INFO - 2023-07-02 03:47:16 --> Usuario buscado de la BD ----> : John
INFO - 2023-07-02 03:48:54 --> Prueba test : object
INFO - 2023-07-02 03:48:54 --> Prueba test ----> : usuario1@example.com
INFO - 2023-07-02 03:48:54 --> Usuario buscado de la BD ----> : John
INFO - 2023-07-02 03:49:32 --> Prueba test : object
INFO - 2023-07-02 03:49:32 --> Prueba test ----> : usuario1@example.com
INFO - 2023-07-02 03:49:32 --> Usuario buscado de la BD ----> : John
INFO - 2023-07-02 03:51:48 --> Prueba test : object
INFO - 2023-07-02 03:51:48 --> Prueba test ----> : usuario1@example.com
INFO - 2023-07-02 03:51:48 --> Usuario buscado de la BD ----> : John
INFO - 2023-07-02 03:56:17 --> Prueba test : object
INFO - 2023-07-02 03:56:17 --> Prueba test ----> : usuario1@example.com
INFO - 2023-07-02 03:56:17 --> Usuario buscado de la BD ----> : John
INFO - 2023-07-02 03:58:04 --> Prueba test : object
INFO - 2023-07-02 03:58:04 --> Prueba test ----> : usuario1@example.com
INFO - 2023-07-02 03:58:04 --> Usuario buscado de la BD ----> : John
INFO - 2023-07-02 03:58:35 --> Prueba test : object
INFO - 2023-07-02 03:58:35 --> Prueba test ----> : usuario1@example.com
INFO - 2023-07-02 03:58:35 --> Usuario buscado de la BD ----> : John
INFO - 2023-07-02 03:58:52 --> Prueba test : object
INFO - 2023-07-02 03:58:52 --> Prueba test ----> : usuario1@example.com
INFO - 2023-07-02 03:58:52 --> Usuario buscado de la BD ----> : John
INFO - 2023-07-02 04:20:00 --> Prueba test : object
INFO - 2023-07-02 04:20:01 --> Prueba test ----> : usuario1@example.com
INFO - 2023-07-02 04:20:01 --> Usuario buscado de la BD ----> : John
INFO - 2023-07-02 04:20:30 --> Prueba test : object
INFO - 2023-07-02 04:20:30 --> Prueba test ----> : usuario1@example.com
INFO - 2023-07-02 04:20:30 --> Usuario buscado de la BD ----> : John
INFO - 2023-07-02 04:24:08 --> Prueba test : object
INFO - 2023-07-02 04:24:08 --> Prueba test ----> : usuario1@example.com
INFO - 2023-07-02 04:24:08 --> Usuario buscado de la BD ----> : John
INFO - 2023-07-02 04:33:42 --> Prueba test : object
INFO - 2023-07-02 04:33:42 --> Prueba test ----> : usuario1@example.com
INFO - 2023-07-02 04:33:42 --> Usuario buscado de la BD ----> : John
INFO - 2023-07-02 11:30:58 --> Prueba test : object
INFO - 2023-07-02 11:30:58 --> Prueba test ----> : usuario1@example.com
INFO - 2023-07-02 11:30:58 --> Usuario buscado de la BD ----> : John
INFO - 2023-07-02 13:22:09 --> Prueba test : object
INFO - 2023-07-02 13:22:09 --> Prueba test ----> : usuario1@example.com
INFO - 2023-07-02 13:22:09 --> Usuario buscado de la BD ----> : John
INFO - 2023-07-02 13:22:32 --> Prueba test : object
INFO - 2023-07-02 13:22:32 --> Prueba test ----> : usuario1@example.com
INFO - 2023-07-02 13:22:32 --> Usuario buscado de la BD ----> : John
CRITICAL - 2023-07-02 13:36:09 --> Trying to access array offset on value of type bool
in APPPATH\Controllers\Views.php on line 39.
 1 APPPATH\Controllers\Views.php(39): CodeIgniter\Debug\Exceptions->errorHandler(2, 'Trying to access array offset on value of type bool', 'D:\\XAMPP\\htdocs\\codeigniter4\\app\\Controllers\\Views.php', 39)
 2 SYSTEMPATH\CodeIgniter.php(934): App\Controllers\Views->home()
 3 SYSTEMPATH\CodeIgniter.php(499): CodeIgniter\CodeIgniter->runController(Object(App\Controllers\Views))
 4 SYSTEMPATH\CodeIgniter.php(368): CodeIgniter\CodeIgniter->handleRequest(null, Object(Config\Cache), false)
 5 FCPATH\index.php(67): CodeIgniter\CodeIgniter->run()
CRITICAL - 2023-07-02 13:36:33 --> Attempt to read property "email" on array
in APPPATH\Controllers\Views.php on line 42.
 1 APPPATH\Controllers\Views.php(42): CodeIgniter\Debug\Exceptions->errorHandler(2, 'Attempt to read property "email" on array', 'D:\\XAMPP\\htdocs\\codeigniter4\\app\\Controllers\\Views.php', 42)
 2 SYSTEMPATH\CodeIgniter.php(934): App\Controllers\Views->home()
 3 SYSTEMPATH\CodeIgniter.php(499): CodeIgniter\CodeIgniter->runController(Object(App\Controllers\Views))
 4 SYSTEMPATH\CodeIgniter.php(368): CodeIgniter\CodeIgniter->handleRequest(null, Object(Config\Cache), false)
 5 FCPATH\index.php(67): CodeIgniter\CodeIgniter->run()
CRITICAL - 2023-07-02 13:37:23 --> Attempt to read property "username" on array
in APPPATH\Controllers\Views.php on line 43.
 1 APPPATH\Controllers\Views.php(43): CodeIgniter\Debug\Exceptions->errorHandler(2, 'Attempt to read property "username" on array', 'D:\\XAMPP\\htdocs\\codeigniter4\\app\\Controllers\\Views.php', 43)
 2 SYSTEMPATH\CodeIgniter.php(934): App\Controllers\Views->home()
 3 SYSTEMPATH\CodeIgniter.php(499): CodeIgniter\CodeIgniter->runController(Object(App\Controllers\Views))
 4 SYSTEMPATH\CodeIgniter.php(368): CodeIgniter\CodeIgniter->handleRequest(null, Object(Config\Cache), false)
 5 FCPATH\index.php(67): CodeIgniter\CodeIgniter->run()
INFO - 2023-07-02 13:42:29 --> Fecha de nacimiento : 
INFO - 2023-07-02 13:46:00 --> Fecha de nacimiento : 
INFO - 2023-07-02 13:48:05 --> Fecha de nacimiento : 2023-07-06
INFO - 2023-07-02 13:59:02 --> Fecha de nacimiento : 1999-12-15
INFO - 2023-07-02 14:00:02 --> Fecha de nacimiento : 1999-12-15
INFO - 2023-07-02 14:00:49 --> Fecha de nacimiento : 1999-12-15
INFO - 2023-07-02 14:01:05 --> Fecha de nacimiento : 1999-12-15
INFO - 2023-07-02 14:03:37 --> Fecha de nacimiento : 1999-12-15
INFO - 2023-07-02 14:05:52 --> Fecha de nacimiento : 1999-12-15
INFO - 2023-07-02 14:08:05 --> Fecha de nacimiento : 1999-12-15
INFO - 2023-07-02 14:08:33 --> Fecha de nacimiento : 1999-12-15
INFO - 2023-07-02 14:08:50 --> Fecha de nacimiento : 1999-12-15
INFO - 2023-07-02 14:10:45 --> Fecha de nacimiento : 1999-12-15
INFO - 2023-07-02 14:11:05 --> Fecha de nacimiento : 1999-12-15
INFO - 2023-07-02 14:11:27 --> Fecha de nacimiento : 1999-12-15
INFO - 2023-07-02 14:12:03 --> Fecha de nacimiento : 1999-12-15
INFO - 2023-07-02 14:12:13 --> Fecha de nacimiento : 1999-12-15
INFO - 2023-07-02 14:12:33 --> Fecha de nacimiento : 1999-12-15
INFO - 2023-07-02 14:12:47 --> Fecha de nacimiento : 1999-12-15
INFO - 2023-07-02 14:13:26 --> Fecha de nacimiento : 1999-12-15
INFO - 2023-07-02 14:20:17 --> Fecha de nacimiento : 1999-12-15
INFO - 2023-07-02 14:21:06 --> Fecha de nacimiento : 1999-12-15
INFO - 2023-07-02 14:21:39 --> Fecha de nacimiento : 1999-12-15
INFO - 2023-07-02 15:34:09 --> Fecha de nacimiento : 1999-12-15
INFO - 2023-07-02 15:46:00 --> Fecha de nacimiento : 1999-12-15
CRITICAL - 2023-07-02 15:46:00 --> Undefined variable $titulo
in APPPATH\Views\componentes\navMovies.php on line 17.
 1 APPPATH\Views\componentes\navMovies.php(17): CodeIgniter\Debug\Exceptions->errorHandler(2, 'Undefined variable $titulo', 'D:\\XAMPP\\htdocs\\codeigniter4\\app\\Views\\componentes\\navMovies.php', 17)
 2 APPPATH\Views\home.php(12): include('D:\\XAMPP\\htdocs\\codeigniter4\\app\\Views\\componentes\\navMovies.php')
 3 SYSTEMPATH\View\View.php(213): include('D:\\XAMPP\\htdocs\\codeigniter4\\app\\Views\\home.php')
 4 SYSTEMPATH\View\View.php(216): CodeIgniter\View\View->CodeIgniter\View\{closure}()
 5 SYSTEMPATH\Common.php(1184): CodeIgniter\View\View->render('home', [], true)
 6 APPPATH\Controllers\Views.php(53): view('home', [...])
 7 SYSTEMPATH\CodeIgniter.php(934): App\Controllers\Views->home()
 8 SYSTEMPATH\CodeIgniter.php(499): CodeIgniter\CodeIgniter->runController(Object(App\Controllers\Views))
 9 SYSTEMPATH\CodeIgniter.php(368): CodeIgniter\CodeIgniter->handleRequest(null, Object(Config\Cache), false)
10 FCPATH\index.php(67): CodeIgniter\CodeIgniter->run()
INFO - 2023-07-02 15:46:51 --> Fecha de nacimiento : 1999-12-15
INFO - 2023-07-02 16:00:53 --> Fecha de nacimiento : 1999-12-15
INFO - 2023-07-02 16:08:01 --> Fecha de nacimiento : 1999-12-15
INFO - 2023-07-02 16:09:46 --> Fecha de nacimiento : 1999-12-15
INFO - 2023-07-02 16:10:49 --> Fecha de nacimiento : 1999-12-15
INFO - 2023-07-02 16:14:36 --> Fecha de nacimiento : 1999-12-15
INFO - 2023-07-02 16:17:27 --> Fecha de nacimiento : 1999-12-15
INFO - 2023-07-02 16:18:39 --> Fecha de nacimiento : 1999-12-15
INFO - 2023-07-02 16:19:17 --> Fecha de nacimiento : 1999-12-15
INFO - 2023-07-02 16:19:33 --> Fecha de nacimiento : 1999-12-15
INFO - 2023-07-02 16:19:44 --> Fecha de nacimiento : 1999-12-15
INFO - 2023-07-02 16:20:08 --> Fecha de nacimiento : 1999-12-15
INFO - 2023-07-02 16:20:47 --> Fecha de nacimiento : 1999-12-15
INFO - 2023-07-02 16:25:40 --> Fecha de nacimiento : 1999-12-15
INFO - 2023-07-02 16:26:00 --> Fecha de nacimiento : 1999-12-15
INFO - 2023-07-02 16:26:12 --> Fecha de nacimiento : 1999-12-15
INFO - 2023-07-02 16:26:36 --> Fecha de nacimiento : 1999-12-15
INFO - 2023-07-02 16:27:13 --> Fecha de nacimiento : 1999-12-15
INFO - 2023-07-02 16:28:02 --> Fecha de nacimiento : 1999-12-15
INFO - 2023-07-02 16:30:46 --> Fecha de nacimiento : 1999-12-15
INFO - 2023-07-02 16:31:02 --> Fecha de nacimiento : 1999-12-15
INFO - 2023-07-02 16:32:44 --> Fecha de nacimiento : 1999-12-15
INFO - 2023-07-02 16:33:02 --> Fecha de nacimiento : 1999-12-15
INFO - 2023-07-02 16:34:02 --> Fecha de nacimiento : 1999-12-15
INFO - 2023-07-02 16:35:50 --> Fecha de nacimiento : 1999-12-15
INFO - 2023-07-02 16:35:57 --> Fecha de nacimiento : 1999-12-15
INFO - 2023-07-02 16:36:05 --> Fecha de nacimiento : 1999-12-15
INFO - 2023-07-02 16:36:21 --> Fecha de nacimiento : 1999-12-15
INFO - 2023-07-02 16:37:31 --> Fecha de nacimiento : 1999-12-15
INFO - 2023-07-02 16:38:14 --> Fecha de nacimiento : 1999-12-15
INFO - 2023-07-02 16:38:31 --> Fecha de nacimiento : 1999-12-15
INFO - 2023-07-02 16:42:22 --> Fecha de nacimiento : 1999-12-15
INFO - 2023-07-02 16:44:49 --> Fecha de nacimiento : 1999-12-15
INFO - 2023-07-02 16:45:17 --> Fecha de nacimiento : 1999-12-15
INFO - 2023-07-02 16:45:52 --> Fecha de nacimiento : 1999-12-15
INFO - 2023-07-02 16:48:32 --> Fecha de nacimiento : 1999-12-15
INFO - 2023-07-02 16:48:54 --> Fecha de nacimiento : 1999-12-15
INFO - 2023-07-02 16:49:35 --> Fecha de nacimiento : 1999-12-15
INFO - 2023-07-02 16:49:59 --> Fecha de nacimiento : 1999-12-15
INFO - 2023-07-02 16:51:46 --> Fecha de nacimiento : 1999-12-15
INFO - 2023-07-02 16:52:20 --> Fecha de nacimiento : 1999-12-15
INFO - 2023-07-02 16:52:40 --> Fecha de nacimiento : 1999-12-15
INFO - 2023-07-02 16:54:03 --> Fecha de nacimiento : 1999-12-15
INFO - 2023-07-02 16:54:28 --> Fecha de nacimiento : 1999-12-15
INFO - 2023-07-02 16:54:42 --> Fecha de nacimiento : 1999-12-15
INFO - 2023-07-02 16:55:21 --> Fecha de nacimiento : 1999-12-15
INFO - 2023-07-02 16:56:16 --> Fecha de nacimiento : 1999-12-15
INFO - 2023-07-02 16:56:41 --> Fecha de nacimiento : 1999-12-15
INFO - 2023-07-02 16:57:17 --> Fecha de nacimiento : 1999-12-15
INFO - 2023-07-02 16:57:40 --> Fecha de nacimiento : 1999-12-15
INFO - 2023-07-02 16:58:36 --> Fecha de nacimiento : 1999-12-15
INFO - 2023-07-02 17:00:23 --> Fecha de nacimiento : 1999-12-15
INFO - 2023-07-02 17:01:03 --> Fecha de nacimiento : 1999-12-15
INFO - 2023-07-02 17:01:32 --> Fecha de nacimiento : 1999-12-15
INFO - 2023-07-02 17:03:10 --> Fecha de nacimiento : 1999-12-15
INFO - 2023-07-02 17:04:06 --> Fecha de nacimiento : 1999-12-15
INFO - 2023-07-02 17:05:16 --> Fecha de nacimiento : 1999-12-15
INFO - 2023-07-02 17:05:50 --> Fecha de nacimiento : 1999-12-15
INFO - 2023-07-02 17:06:20 --> Fecha de nacimiento : 1999-12-15
INFO - 2023-07-02 17:07:17 --> Fecha de nacimiento : 1999-12-15
INFO - 2023-07-02 17:09:36 --> Fecha de nacimiento : 1999-12-15
INFO - 2023-07-02 17:09:49 --> Fecha de nacimiento : 1999-12-15
INFO - 2023-07-02 17:10:20 --> Fecha de nacimiento : 1999-12-15
INFO - 2023-07-02 17:11:08 --> Fecha de nacimiento : 1999-12-15
INFO - 2023-07-02 17:11:27 --> Fecha de nacimiento : 1999-12-15
INFO - 2023-07-02 17:11:51 --> Fecha de nacimiento : 1999-12-15
INFO - 2023-07-02 17:12:45 --> Fecha de nacimiento : 1999-12-15
INFO - 2023-07-02 17:12:58 --> Fecha de nacimiento : 1999-12-15
INFO - 2023-07-02 17:13:49 --> Fecha de nacimiento : 1999-12-15
INFO - 2023-07-02 17:15:15 --> Fecha de nacimiento : 1999-12-15
INFO - 2023-07-02 17:16:01 --> Fecha de nacimiento : 1999-12-15
INFO - 2023-07-02 17:16:12 --> Fecha de nacimiento : 1999-12-15
INFO - 2023-07-02 17:49:51 --> Fecha de nacimiento : 1999-12-15
INFO - 2023-07-02 18:32:52 --> Fecha de nacimiento : 1999-12-15
INFO - 2023-07-02 18:48:18 --> Fecha de nacimiento : 1999-12-15
INFO - 2023-07-02 18:48:42 --> Fecha de nacimiento : 1999-12-15
INFO - 2023-07-02 18:51:30 --> Fecha de nacimiento : 1999-12-15
INFO - 2023-07-02 18:52:01 --> Fecha de nacimiento : 1999-12-15
INFO - 2023-07-02 18:53:22 --> Fecha de nacimiento : 1999-12-15
INFO - 2023-07-02 19:07:29 --> Fecha de nacimiento : 1999-12-15
INFO - 2023-07-02 19:08:26 --> Fecha de nacimiento : 1999-12-15
INFO - 2023-07-02 19:15:08 --> Fecha de nacimiento : 1999-12-15
INFO - 2023-07-02 19:22:25 --> Fecha de nacimiento : 1999-12-15
INFO - 2023-07-02 19:23:34 --> Fecha de nacimiento : 1999-12-15
INFO - 2023-07-02 19:25:19 --> Fecha de nacimiento : 1999-12-15
INFO - 2023-07-02 19:36:53 --> Fecha de nacimiento : 1999-12-15
INFO - 2023-07-02 19:37:22 --> Fecha de nacimiento : 1999-12-15
INFO - 2023-07-02 19:38:03 --> Fecha de nacimiento : 1999-12-15
INFO - 2023-07-02 19:38:39 --> Fecha de nacimiento : 1999-12-15
INFO - 2023-07-02 19:38:57 --> Fecha de nacimiento : 1999-12-15
INFO - 2023-07-02 19:40:01 --> Fecha de nacimiento : 1999-12-15
INFO - 2023-07-02 19:40:12 --> Fecha de nacimiento : 1999-12-15
INFO - 2023-07-02 19:42:10 --> Fecha de nacimiento : 1999-12-15
INFO - 2023-07-02 19:42:32 --> Fecha de nacimiento : 1999-12-15
INFO - 2023-07-02 19:43:11 --> Fecha de nacimiento : 1999-12-15
INFO - 2023-07-02 19:43:24 --> Fecha de nacimiento : 1999-12-15
INFO - 2023-07-02 19:43:36 --> Fecha de nacimiento : 1999-12-15
INFO - 2023-07-02 19:44:25 --> Fecha de nacimiento : 1999-12-15
