INFO - 2023-06-24 20:41:08 --> --Soy el filtro encontre estos permisos : 
INFO - 2023-06-24 20:42:11 --> --Soy el filtro encontre estos permisos : eyJ0eXAiOiJKV1QiLCJhbGciOiJIUzI1NiJ9.eyJlbWFpbCI6ImF4ZWx4MzNAaG90bWFpbC5jb20iLCJleHAiOjE2ODc2NDI5MzF9.UdckweFz3JJLBEvuZnK4pte65GbF0LWTHlJWITXB07Y
INFO - 2023-06-24 20:42:11 --> Prueba test : object
INFO - 2023-06-24 20:42:11 --> Prueba test ----> : usuario1@example.com
INFO - 2023-06-24 20:42:11 --> Usuario buscado de la BD ----> : John
CRITICAL - 2023-06-24 20:42:11 --> include(navUser.php): Failed to open stream: No such file or directory
in APPPATH\Views\home.php on line 11.
 1 APPPATH\Views\home.php(11): CodeIgniter\Debug\Exceptions->errorHandler(2, 'include(navUser.php): Failed to open stream: No such file or directory', 'D:\\XAMPP\\htdocs\\codeigniter4\\app\\Views\\home.php', 11)
 2 APPPATH\Views\home.php(11): include()
 3 SYSTEMPATH\View\View.php(213): include('D:\\XAMPP\\htdocs\\codeigniter4\\app\\Views\\home.php')
 4 SYSTEMPATH\View\View.php(216): CodeIgniter\View\View->CodeIgniter\View\{closure}()
 5 SYSTEMPATH\Common.php(1184): CodeIgniter\View\View->render('home', [], true)
 6 APPPATH\Controllers\Views.php(37): view('home')
 7 SYSTEMPATH\CodeIgniter.php(934): App\Controllers\Views->home()
 8 SYSTEMPATH\CodeIgniter.php(499): CodeIgniter\CodeIgniter->runController(Object(App\Controllers\Views))
 9 SYSTEMPATH\CodeIgniter.php(368): CodeIgniter\CodeIgniter->handleRequest(null, Object(Config\Cache), false)
10 FCPATH\index.php(67): CodeIgniter\CodeIgniter->run()
INFO - 2023-06-24 20:52:06 --> --Soy el filtro encontre estos permisos : eyJ0eXAiOiJKV1QiLCJhbGciOiJIUzI1NiJ9.eyJlbWFpbCI6ImF4ZWx4MzNAaG90bWFpbC5jb20iLCJleHAiOjE2ODc2NDI5MzF9.UdckweFz3JJLBEvuZnK4pte65GbF0LWTHlJWITXB07Y
INFO - 2023-06-24 20:52:06 --> Prueba test : object
INFO - 2023-06-24 20:52:06 --> Prueba test ----> : usuario1@example.com
INFO - 2023-06-24 20:52:06 --> Usuario buscado de la BD ----> : John
CRITICAL - 2023-06-24 20:52:07 --> Invalid file: "navUser.php"
in SYSTEMPATH\Exceptions\FrameworkException.php on line 33.
 1 SYSTEMPATH\View\View.php(201): CodeIgniter\Exceptions\FrameworkException::forInvalidFile('navUser.php')
 2 SYSTEMPATH\View\View.php(431): CodeIgniter\View\View->render('navUser.php', null, true)
 3 APPPATH\Views\home.php(12): CodeIgniter\View\View->include('navUser.php')
 4 SYSTEMPATH\View\View.php(213): include('D:\\XAMPP\\htdocs\\codeigniter4\\app\\Views\\home.php')
 5 SYSTEMPATH\View\View.php(216): CodeIgniter\View\View->CodeIgniter\View\{closure}()
 6 SYSTEMPATH\Common.php(1184): CodeIgniter\View\View->render('home', [], true)
 7 APPPATH\Controllers\Views.php(37): view('home')
 8 SYSTEMPATH\CodeIgniter.php(934): App\Controllers\Views->home()
 9 SYSTEMPATH\CodeIgniter.php(499): CodeIgniter\CodeIgniter->runController(Object(App\Controllers\Views))
10 SYSTEMPATH\CodeIgniter.php(368): CodeIgniter\CodeIgniter->handleRequest(null, Object(Config\Cache), false)
11 FCPATH\index.php(67): CodeIgniter\CodeIgniter->run()
INFO - 2023-06-24 20:52:49 --> --Soy el filtro encontre estos permisos : eyJ0eXAiOiJKV1QiLCJhbGciOiJIUzI1NiJ9.eyJlbWFpbCI6ImF4ZWx4MzNAaG90bWFpbC5jb20iLCJleHAiOjE2ODc2NDM1Njl9.7cX6WlLTlhl4WTTBlvtNrU7-coc6QzDcmd-tmheu3YE
INFO - 2023-06-24 20:52:50 --> Prueba test : object
INFO - 2023-06-24 20:52:50 --> Prueba test ----> : usuario1@example.com
INFO - 2023-06-24 20:52:50 --> Usuario buscado de la BD ----> : John
CRITICAL - 2023-06-24 20:52:50 --> Invalid file: "navUser.php"
in SYSTEMPATH\Exceptions\FrameworkException.php on line 33.
 1 SYSTEMPATH\View\View.php(201): CodeIgniter\Exceptions\FrameworkException::forInvalidFile('navUser.php')
 2 SYSTEMPATH\View\View.php(431): CodeIgniter\View\View->render('navUser.php', null, true)
 3 APPPATH\Views\home.php(12): CodeIgniter\View\View->include('navUser.php')
 4 SYSTEMPATH\View\View.php(213): include('D:\\XAMPP\\htdocs\\codeigniter4\\app\\Views\\home.php')
 5 SYSTEMPATH\View\View.php(216): CodeIgniter\View\View->CodeIgniter\View\{closure}()
 6 SYSTEMPATH\Common.php(1184): CodeIgniter\View\View->render('home', [], true)
 7 APPPATH\Controllers\Views.php(37): view('home')
 8 SYSTEMPATH\CodeIgniter.php(934): App\Controllers\Views->home()
 9 SYSTEMPATH\CodeIgniter.php(499): CodeIgniter\CodeIgniter->runController(Object(App\Controllers\Views))
10 SYSTEMPATH\CodeIgniter.php(368): CodeIgniter\CodeIgniter->handleRequest(null, Object(Config\Cache), false)
11 FCPATH\index.php(67): CodeIgniter\CodeIgniter->run()
INFO - 2023-06-24 20:55:22 --> --Soy el filtro encontre estos permisos : eyJ0eXAiOiJKV1QiLCJhbGciOiJIUzI1NiJ9.eyJlbWFpbCI6ImF4ZWx4MzNAaG90bWFpbC5jb20iLCJleHAiOjE2ODc2NDM3MjJ9.Iqt9ytrHX3rYR3KhKONsML0MJPLzEEFEtcKnPK9-n0M
INFO - 2023-06-24 20:55:22 --> Prueba test : object
INFO - 2023-06-24 20:55:22 --> Prueba test ----> : usuario1@example.com
INFO - 2023-06-24 20:55:22 --> Usuario buscado de la BD ----> : John
INFO - 2023-06-24 20:56:18 --> --Soy el filtro encontre estos permisos : eyJ0eXAiOiJKV1QiLCJhbGciOiJIUzI1NiJ9.eyJlbWFpbCI6ImF4ZWx4MzNAaG90bWFpbC5jb20iLCJleHAiOjE2ODc2NDM3MjJ9.Iqt9ytrHX3rYR3KhKONsML0MJPLzEEFEtcKnPK9-n0M
INFO - 2023-06-24 20:56:18 --> Prueba test : object
INFO - 2023-06-24 20:56:18 --> Prueba test ----> : usuario1@example.com
INFO - 2023-06-24 20:56:18 --> Usuario buscado de la BD ----> : John
INFO - 2023-06-24 20:57:00 --> --Soy el filtro encontre estos permisos : eyJ0eXAiOiJKV1QiLCJhbGciOiJIUzI1NiJ9.eyJlbWFpbCI6ImF4ZWx4MzNAaG90bWFpbC5jb20iLCJleHAiOjE2ODc2NDM3MjJ9.Iqt9ytrHX3rYR3KhKONsML0MJPLzEEFEtcKnPK9-n0M
INFO - 2023-06-24 20:57:00 --> Prueba test : object
INFO - 2023-06-24 20:57:00 --> Prueba test ----> : usuario1@example.com
INFO - 2023-06-24 20:57:00 --> Usuario buscado de la BD ----> : John
INFO - 2023-06-24 20:57:04 --> --Soy el filtro encontre estos permisos : eyJ0eXAiOiJKV1QiLCJhbGciOiJIUzI1NiJ9.eyJlbWFpbCI6ImF4ZWx4MzNAaG90bWFpbC5jb20iLCJleHAiOjE2ODc2NDM3MjJ9.Iqt9ytrHX3rYR3KhKONsML0MJPLzEEFEtcKnPK9-n0M
INFO - 2023-06-24 20:57:04 --> Prueba test : object
INFO - 2023-06-24 20:57:04 --> Prueba test ----> : usuario1@example.com
INFO - 2023-06-24 20:57:04 --> Usuario buscado de la BD ----> : John
INFO - 2023-06-24 20:58:21 --> --Soy el filtro encontre estos permisos : eyJ0eXAiOiJKV1QiLCJhbGciOiJIUzI1NiJ9.eyJlbWFpbCI6ImF4ZWx4MzNAaG90bWFpbC5jb20iLCJleHAiOjE2ODc2NDM3MjJ9.Iqt9ytrHX3rYR3KhKONsML0MJPLzEEFEtcKnPK9-n0M
INFO - 2023-06-24 20:58:21 --> Prueba test : object
INFO - 2023-06-24 20:58:21 --> Prueba test ----> : usuario1@example.com
INFO - 2023-06-24 20:58:21 --> Usuario buscado de la BD ----> : John
INFO - 2023-06-24 20:58:46 --> --Soy el filtro encontre estos permisos : 
INFO - 2023-06-24 20:59:48 --> --Soy el filtro encontre estos permisos : 
INFO - 2023-06-24 21:04:50 --> --Soy el filtro encontre estos permisos : eyJ0eXAiOiJKV1QiLCJhbGciOiJIUzI1NiJ9.eyJlbWFpbCI6ImF4ZWx4MzNAaG90bWFpbC5jb20iLCJleHAiOjE2ODc2NDM3MjJ9.Iqt9ytrHX3rYR3KhKONsML0MJPLzEEFEtcKnPK9-n0M
INFO - 2023-06-24 21:04:50 --> Prueba test : object
INFO - 2023-06-24 21:04:50 --> Prueba test ----> : usuario1@example.com
INFO - 2023-06-24 21:04:50 --> Usuario buscado de la BD ----> : John
INFO - 2023-06-24 21:06:04 --> --Soy el filtro encontre estos permisos : eyJ0eXAiOiJKV1QiLCJhbGciOiJIUzI1NiJ9.eyJlbWFpbCI6ImF4ZWx4MzNAaG90bWFpbC5jb20iLCJleHAiOjE2ODc2NDM3MjJ9.Iqt9ytrHX3rYR3KhKONsML0MJPLzEEFEtcKnPK9-n0M
INFO - 2023-06-24 21:06:04 --> Prueba test : object
INFO - 2023-06-24 21:06:04 --> Prueba test ----> : usuario1@example.com
INFO - 2023-06-24 21:06:04 --> Usuario buscado de la BD ----> : John
INFO - 2023-06-24 21:06:36 --> --Soy el filtro encontre estos permisos : eyJ0eXAiOiJKV1QiLCJhbGciOiJIUzI1NiJ9.eyJlbWFpbCI6ImF4ZWx4MzNAaG90bWFpbC5jb20iLCJleHAiOjE2ODc2NDM3MjJ9.Iqt9ytrHX3rYR3KhKONsML0MJPLzEEFEtcKnPK9-n0M
INFO - 2023-06-24 21:06:36 --> Prueba test : object
INFO - 2023-06-24 21:06:36 --> Prueba test ----> : usuario1@example.com
INFO - 2023-06-24 21:06:36 --> Usuario buscado de la BD ----> : John
INFO - 2023-06-24 21:07:01 --> --Soy el filtro encontre estos permisos : eyJ0eXAiOiJKV1QiLCJhbGciOiJIUzI1NiJ9.eyJlbWFpbCI6ImF4ZWx4MzNAaG90bWFpbC5jb20iLCJleHAiOjE2ODc2NDM3MjJ9.Iqt9ytrHX3rYR3KhKONsML0MJPLzEEFEtcKnPK9-n0M
INFO - 2023-06-24 21:07:01 --> Prueba test : object
INFO - 2023-06-24 21:07:01 --> Prueba test ----> : usuario1@example.com
INFO - 2023-06-24 21:07:01 --> Usuario buscado de la BD ----> : John
INFO - 2023-06-24 21:09:32 --> --Soy el filtro encontre estos permisos : eyJ0eXAiOiJKV1QiLCJhbGciOiJIUzI1NiJ9.eyJlbWFpbCI6ImF4ZWx4MzNAaG90bWFpbC5jb20iLCJleHAiOjE2ODc2NDM3MjJ9.Iqt9ytrHX3rYR3KhKONsML0MJPLzEEFEtcKnPK9-n0M
INFO - 2023-06-24 21:09:32 --> Prueba test : object
INFO - 2023-06-24 21:09:32 --> Prueba test ----> : usuario1@example.com
INFO - 2023-06-24 21:09:32 --> Usuario buscado de la BD ----> : John
INFO - 2023-06-24 21:10:47 --> --Soy el filtro encontre estos permisos : eyJ0eXAiOiJKV1QiLCJhbGciOiJIUzI1NiJ9.eyJlbWFpbCI6ImF4ZWx4MzNAaG90bWFpbC5jb20iLCJleHAiOjE2ODc2NDM3MjJ9.Iqt9ytrHX3rYR3KhKONsML0MJPLzEEFEtcKnPK9-n0M
INFO - 2023-06-24 21:10:47 --> Prueba test : object
INFO - 2023-06-24 21:10:48 --> Prueba test ----> : usuario1@example.com
INFO - 2023-06-24 21:10:48 --> Usuario buscado de la BD ----> : John
INFO - 2023-06-24 21:11:02 --> --Soy el filtro encontre estos permisos : eyJ0eXAiOiJKV1QiLCJhbGciOiJIUzI1NiJ9.eyJlbWFpbCI6ImF4ZWx4MzNAaG90bWFpbC5jb20iLCJleHAiOjE2ODc2NDM3MjJ9.Iqt9ytrHX3rYR3KhKONsML0MJPLzEEFEtcKnPK9-n0M
INFO - 2023-06-24 21:11:02 --> Prueba test : object
INFO - 2023-06-24 21:11:02 --> Prueba test ----> : usuario1@example.com
INFO - 2023-06-24 21:11:02 --> Usuario buscado de la BD ----> : John
INFO - 2023-06-24 21:12:08 --> Entre al update User
INFO - 2023-06-24 21:12:23 --> Entre al update User
INFO - 2023-06-24 21:12:24 --> Entre al update User
INFO - 2023-06-24 21:12:24 --> Entre al update User
INFO - 2023-06-24 21:12:24 --> Entre al update User
INFO - 2023-06-24 21:12:24 --> Entre al update User
INFO - 2023-06-24 21:12:25 --> Entre al update User
INFO - 2023-06-24 21:12:25 --> Entre al update User
INFO - 2023-06-24 21:13:29 --> --Soy el filtro encontre estos permisos : eyJ0eXAiOiJKV1QiLCJhbGciOiJIUzI1NiJ9.eyJlbWFpbCI6ImF4ZWx4MzNAaG90bWFpbC5jb20iLCJleHAiOjE2ODc2NDM3MjJ9.Iqt9ytrHX3rYR3KhKONsML0MJPLzEEFEtcKnPK9-n0M
INFO - 2023-06-24 21:13:29 --> Prueba test : object
INFO - 2023-06-24 21:13:29 --> Prueba test ----> : usuario1@example.com
INFO - 2023-06-24 21:13:29 --> Usuario buscado de la BD ----> : John
INFO - 2023-06-24 21:13:35 --> Entre al update User
INFO - 2023-06-24 21:14:35 --> Entre al update User
INFO - 2023-06-24 21:14:38 --> --Soy el filtro encontre estos permisos : eyJ0eXAiOiJKV1QiLCJhbGciOiJIUzI1NiJ9.eyJlbWFpbCI6ImF4ZWx4MzNAaG90bWFpbC5jb20iLCJleHAiOjE2ODc2NDM3MjJ9.Iqt9ytrHX3rYR3KhKONsML0MJPLzEEFEtcKnPK9-n0M
INFO - 2023-06-24 21:14:38 --> Prueba test : object
INFO - 2023-06-24 21:14:38 --> Prueba test ----> : usuario1@example.com
INFO - 2023-06-24 21:14:38 --> Usuario buscado de la BD ----> : John
INFO - 2023-06-24 21:14:43 --> Entre al update User
INFO - 2023-06-24 21:14:44 --> Entre al update User
INFO - 2023-06-24 21:14:45 --> Entre al update User
INFO - 2023-06-24 21:14:45 --> Entre al update User
INFO - 2023-06-24 21:14:45 --> Entre al update User
INFO - 2023-06-24 21:14:45 --> Entre al update User
INFO - 2023-06-24 21:14:46 --> Entre al update User
INFO - 2023-06-24 21:14:46 --> Entre al update User
INFO - 2023-06-24 21:14:52 --> Entre al update User
INFO - 2023-06-24 21:14:52 --> Entre al update User
INFO - 2023-06-24 21:14:53 --> Entre al update User
INFO - 2023-06-24 21:14:58 --> Entre al update User
INFO - 2023-06-24 21:14:58 --> Entre al update User
INFO - 2023-06-24 21:15:19 --> --Soy el filtro encontre estos permisos : eyJ0eXAiOiJKV1QiLCJhbGciOiJIUzI1NiJ9.eyJlbWFpbCI6ImF4ZWx4MzNAaG90bWFpbC5jb20iLCJleHAiOjE2ODc2NDM3MjJ9.Iqt9ytrHX3rYR3KhKONsML0MJPLzEEFEtcKnPK9-n0M
INFO - 2023-06-24 21:15:19 --> Prueba test : object
INFO - 2023-06-24 21:15:20 --> Prueba test ----> : usuario1@example.com
INFO - 2023-06-24 21:15:20 --> Usuario buscado de la BD ----> : John
INFO - 2023-06-24 21:15:23 --> Entre al update User
INFO - 2023-06-24 21:15:24 --> Entre al update User
INFO - 2023-06-24 21:15:24 --> Entre al update User
INFO - 2023-06-24 21:15:25 --> Entre al update User
INFO - 2023-06-24 21:15:25 --> Entre al update User
INFO - 2023-06-24 21:15:25 --> Entre al update User
INFO - 2023-06-24 21:15:25 --> Entre al update User
INFO - 2023-06-24 21:15:25 --> Entre al update User
INFO - 2023-06-24 21:16:00 --> --Soy el filtro encontre estos permisos : eyJ0eXAiOiJKV1QiLCJhbGciOiJIUzI1NiJ9.eyJlbWFpbCI6ImF4ZWx4MzNAaG90bWFpbC5jb20iLCJleHAiOjE2ODc2NDM3MjJ9.Iqt9ytrHX3rYR3KhKONsML0MJPLzEEFEtcKnPK9-n0M
INFO - 2023-06-24 21:16:00 --> Prueba test : object
INFO - 2023-06-24 21:16:00 --> Prueba test ----> : usuario1@example.com
INFO - 2023-06-24 21:16:00 --> Usuario buscado de la BD ----> : John
INFO - 2023-06-24 21:16:39 --> --Soy el filtro encontre estos permisos : eyJ0eXAiOiJKV1QiLCJhbGciOiJIUzI1NiJ9.eyJlbWFpbCI6ImF4ZWx4MzNAaG90bWFpbC5jb20iLCJleHAiOjE2ODc2NDM3MjJ9.Iqt9ytrHX3rYR3KhKONsML0MJPLzEEFEtcKnPK9-n0M
INFO - 2023-06-24 21:16:39 --> Prueba test : object
INFO - 2023-06-24 21:16:39 --> Prueba test ----> : usuario1@example.com
INFO - 2023-06-24 21:16:39 --> Usuario buscado de la BD ----> : John
INFO - 2023-06-24 21:16:44 --> Entre al update User
INFO - 2023-06-24 21:28:17 --> --Soy el filtro encontre estos permisos : eyJ0eXAiOiJKV1QiLCJhbGciOiJIUzI1NiJ9.eyJlbWFpbCI6ImF4ZWx4MzNAaG90bWFpbC5jb20iLCJleHAiOjE2ODc2NDM3MjJ9.Iqt9ytrHX3rYR3KhKONsML0MJPLzEEFEtcKnPK9-n0M
INFO - 2023-06-24 21:28:17 --> Prueba test : object
INFO - 2023-06-24 21:28:17 --> Prueba test ----> : usuario1@example.com
INFO - 2023-06-24 21:28:17 --> Usuario buscado de la BD ----> : John
INFO - 2023-06-24 21:28:21 --> Entre al update User
INFO - 2023-06-24 21:28:23 --> Entre al update User
INFO - 2023-06-24 21:28:23 --> Entre al update User
INFO - 2023-06-24 21:28:23 --> Entre al update User
INFO - 2023-06-24 21:28:23 --> Entre al update User
INFO - 2023-06-24 21:28:23 --> Entre al update User
INFO - 2023-06-24 21:28:23 --> Entre al update User
INFO - 2023-06-24 21:28:24 --> Entre al update User
INFO - 2023-06-24 21:29:02 --> --Soy el filtro encontre estos permisos : eyJ0eXAiOiJKV1QiLCJhbGciOiJIUzI1NiJ9.eyJlbWFpbCI6ImF4ZWx4MzNAaG90bWFpbC5jb20iLCJleHAiOjE2ODc2NDM3MjJ9.Iqt9ytrHX3rYR3KhKONsML0MJPLzEEFEtcKnPK9-n0M
INFO - 2023-06-24 21:29:02 --> Prueba test : object
INFO - 2023-06-24 21:29:02 --> Prueba test ----> : usuario1@example.com
INFO - 2023-06-24 21:29:02 --> Usuario buscado de la BD ----> : John
INFO - 2023-06-24 21:29:07 --> Entre al update User
INFO - 2023-06-24 21:30:42 --> --Soy el filtro encontre estos permisos : eyJ0eXAiOiJKV1QiLCJhbGciOiJIUzI1NiJ9.eyJlbWFpbCI6ImF4ZWx4MzNAaG90bWFpbC5jb20iLCJleHAiOjE2ODc2NDM3MjJ9.Iqt9ytrHX3rYR3KhKONsML0MJPLzEEFEtcKnPK9-n0M
INFO - 2023-06-24 21:30:42 --> Prueba test : object
INFO - 2023-06-24 21:30:42 --> Prueba test ----> : usuario1@example.com
INFO - 2023-06-24 21:30:42 --> Usuario buscado de la BD ----> : John
INFO - 2023-06-24 21:30:46 --> Entre al update User
INFO - 2023-06-24 21:30:48 --> Entre al update User
INFO - 2023-06-24 21:30:49 --> Entre al update User
INFO - 2023-06-24 21:30:49 --> Entre al update User
INFO - 2023-06-24 21:30:50 --> Entre al update User
INFO - 2023-06-24 21:30:50 --> Entre al update User
INFO - 2023-06-24 21:32:05 --> --Soy el filtro encontre estos permisos : eyJ0eXAiOiJKV1QiLCJhbGciOiJIUzI1NiJ9.eyJlbWFpbCI6ImF4ZWx4MzNAaG90bWFpbC5jb20iLCJleHAiOjE2ODc2NDM3MjJ9.Iqt9ytrHX3rYR3KhKONsML0MJPLzEEFEtcKnPK9-n0M
INFO - 2023-06-24 21:32:05 --> Prueba test : object
INFO - 2023-06-24 21:32:05 --> Prueba test ----> : usuario1@example.com
INFO - 2023-06-24 21:32:05 --> Usuario buscado de la BD ----> : John
INFO - 2023-06-24 21:32:09 --> Entre al update User
INFO - 2023-06-24 21:32:14 --> Entre al update User
INFO - 2023-06-24 21:32:48 --> --Soy el filtro encontre estos permisos : eyJ0eXAiOiJKV1QiLCJhbGciOiJIUzI1NiJ9.eyJlbWFpbCI6ImF4ZWx4MzNAaG90bWFpbC5jb20iLCJleHAiOjE2ODc2NDM3MjJ9.Iqt9ytrHX3rYR3KhKONsML0MJPLzEEFEtcKnPK9-n0M
INFO - 2023-06-24 21:32:48 --> Prueba test : object
INFO - 2023-06-24 21:32:48 --> Prueba test ----> : usuario1@example.com
INFO - 2023-06-24 21:32:48 --> Usuario buscado de la BD ----> : John
INFO - 2023-06-24 21:32:52 --> Entre al update User
INFO - 2023-06-24 21:52:50 --> --Soy el filtro encontre estos permisos : eyJ0eXAiOiJKV1QiLCJhbGciOiJIUzI1NiJ9.eyJlbWFpbCI6ImF4ZWx4MzNAaG90bWFpbC5jb20iLCJleHAiOjE2ODc2NDM3MjJ9.Iqt9ytrHX3rYR3KhKONsML0MJPLzEEFEtcKnPK9-n0M
INFO - 2023-06-24 21:52:50 --> Prueba test : object
INFO - 2023-06-24 21:52:50 --> Prueba test ----> : usuario1@example.com
INFO - 2023-06-24 21:52:50 --> Usuario buscado de la BD ----> : John
INFO - 2023-06-24 21:52:56 --> Entre al update User
INFO - 2023-06-24 21:54:08 --> Entre al update User
INFO - 2023-06-24 21:54:20 --> Entre al update User
INFO - 2023-06-24 21:54:53 --> --Soy el filtro encontre estos permisos : eyJ0eXAiOiJKV1QiLCJhbGciOiJIUzI1NiJ9.eyJlbWFpbCI6ImF4ZWx4MzNAaG90bWFpbC5jb20iLCJleHAiOjE2ODc2NDM3MjJ9.Iqt9ytrHX3rYR3KhKONsML0MJPLzEEFEtcKnPK9-n0M
INFO - 2023-06-24 21:54:53 --> Prueba test : object
INFO - 2023-06-24 21:54:53 --> Prueba test ----> : usuario1@example.com
INFO - 2023-06-24 21:54:53 --> Usuario buscado de la BD ----> : John
INFO - 2023-06-24 21:55:34 --> Entre al update User
INFO - 2023-06-24 22:02:06 --> --Soy el filtro encontre estos permisos : 
INFO - 2023-06-24 22:02:13 --> --Soy el filtro encontre estos permisos : eyJ0eXAiOiJKV1QiLCJhbGciOiJIUzI1NiJ9.eyJlbWFpbCI6ImF4ZWx4MzNAaG90bWFpbC5jb20iLCJleHAiOjE2ODc2NDc3MzN9._43xbQblef8JoKyxKOeDJn6l6ww1hicMa9CU-I4PQ0Y
INFO - 2023-06-24 22:02:13 --> Prueba test : object
INFO - 2023-06-24 22:02:13 --> Prueba test ----> : usuario1@example.com
INFO - 2023-06-24 22:02:13 --> Usuario buscado de la BD ----> : John
INFO - 2023-06-24 22:02:18 --> Entre al update User
INFO - 2023-06-24 22:04:22 --> --Soy el filtro encontre estos permisos : eyJ0eXAiOiJKV1QiLCJhbGciOiJIUzI1NiJ9.eyJlbWFpbCI6ImF4ZWx4MzNAaG90bWFpbC5jb20iLCJleHAiOjE2ODc2NDc3MzN9._43xbQblef8JoKyxKOeDJn6l6ww1hicMa9CU-I4PQ0Y
INFO - 2023-06-24 22:04:22 --> Prueba test : object
INFO - 2023-06-24 22:04:22 --> Prueba test ----> : usuario1@example.com
INFO - 2023-06-24 22:04:22 --> Usuario buscado de la BD ----> : John
INFO - 2023-06-24 22:04:28 --> Entre al update User
INFO - 2023-06-24 22:04:45 --> Entre al update User
INFO - 2023-06-24 22:18:06 --> --Soy el filtro encontre estos permisos : eyJ0eXAiOiJKV1QiLCJhbGciOiJIUzI1NiJ9.eyJlbWFpbCI6ImF4ZWx4MzNAaG90bWFpbC5jb20iLCJleHAiOjE2ODc2NDc3MzN9._43xbQblef8JoKyxKOeDJn6l6ww1hicMa9CU-I4PQ0Y
INFO - 2023-06-24 22:18:06 --> Prueba test : object
INFO - 2023-06-24 22:18:06 --> Prueba test ----> : usuario1@example.com
INFO - 2023-06-24 22:18:06 --> Usuario buscado de la BD ----> : John
INFO - 2023-06-24 22:20:30 --> Correo enviado exitosamente a usuario33333333@example.com para validacion de cuenta
INFO - 2023-06-24 22:21:25 --> --Soy el filtro encontre estos permisos : eyJ0eXAiOiJKV1QiLCJhbGciOiJIUzI1NiJ9.eyJlbWFpbCI6ImF4ZWx4MzNAaG90bWFpbC5jb20iLCJleHAiOjE2ODc2NDc3MzN9._43xbQblef8JoKyxKOeDJn6l6ww1hicMa9CU-I4PQ0Y
INFO - 2023-06-24 22:21:25 --> Prueba test : object
INFO - 2023-06-24 22:21:25 --> Prueba test ----> : usuario1@example.com
INFO - 2023-06-24 22:21:25 --> Usuario buscado de la BD ----> : John
INFO - 2023-06-24 22:23:23 --> --Soy el filtro encontre estos permisos : eyJ0eXAiOiJKV1QiLCJhbGciOiJIUzI1NiJ9.eyJlbWFpbCI6ImF4ZWx4MzNAaG90bWFpbC5jb20iLCJleHAiOjE2ODc2NDkwMDN9.C88RzfyfXMyngReKRguEDCdAEcT8Pueez31U912rGVg
INFO - 2023-06-24 22:23:23 --> Prueba test : object
INFO - 2023-06-24 22:23:23 --> Prueba test ----> : usuario1@example.com
INFO - 2023-06-24 22:23:23 --> Usuario buscado de la BD ----> : John
INFO - 2023-06-24 22:36:44 --> Correo enviado exitosamente a axelx33asdasda@hotmail.com para validacion de cuenta
CRITICAL - 2023-06-24 22:38:26 --> There is no primary key defined when trying to make insert.
in SYSTEMPATH\Model.php on line 294.
 1 SYSTEMPATH\Model.php(294): CodeIgniter\Database\Exceptions\DataException::forEmptyPrimaryKey('insert')
 2 SYSTEMPATH\BaseModel.php(782): CodeIgniter\Model->doInsert([...])
 3 SYSTEMPATH\Model.php(730): CodeIgniter\BaseModel->insert([...], false)
 4 APPPATH\Controllers\Auth.php(79): CodeIgniter\Model->insert([...], false)
 5 SYSTEMPATH\CodeIgniter.php(934): App\Controllers\Auth->registerUser()
 6 SYSTEMPATH\CodeIgniter.php(499): CodeIgniter\CodeIgniter->runController(Object(App\Controllers\Auth))
 7 SYSTEMPATH\CodeIgniter.php(368): CodeIgniter\CodeIgniter->handleRequest(null, Object(Config\Cache), false)
 8 FCPATH\index.php(67): CodeIgniter\CodeIgniter->run()
INFO - 2023-06-24 22:44:39 --> --Soy el filtro encontre estos permisos : eyJ0eXAiOiJKV1QiLCJhbGciOiJIUzI1NiJ9.eyJlbWFpbCI6ImF4ZWx4MzNAaG90bWFpbC5jb20iLCJleHAiOjE2ODc2NDkwMDN9.C88RzfyfXMyngReKRguEDCdAEcT8Pueez31U912rGVg
INFO - 2023-06-24 22:44:39 --> Prueba test : object
INFO - 2023-06-24 22:44:39 --> Prueba test ----> : usuario1@example.com
INFO - 2023-06-24 22:44:39 --> Usuario buscado de la BD ----> : John
INFO - 2023-06-24 22:45:32 --> Correo enviado exitosamente a usuasdasd@example.com para validacion de cuenta
INFO - 2023-06-24 23:45:31 --> --Soy el filtro encontre estos permisos : 
INFO - 2023-06-24 23:45:38 --> --Soy el filtro encontre estos permisos : eyJ0eXAiOiJKV1QiLCJhbGciOiJIUzI1NiJ9.eyJlbWFpbCI6ImF4ZWx4MzNAaG90bWFpbC5jb20iLCJleHAiOjE2ODc2NTM5Mzh9.ARz8sgRMiK5DJfslt-XMOPQivUpwq6OvetnxBMPJwu4
INFO - 2023-06-24 23:45:38 --> Prueba test : object
INFO - 2023-06-24 23:45:38 --> Prueba test ----> : usuario1@example.com
INFO - 2023-06-24 23:45:38 --> Usuario buscado de la BD ----> : John
INFO - 2023-06-24 23:54:26 --> --Soy el filtro encontre estos permisos : eyJ0eXAiOiJKV1QiLCJhbGciOiJIUzI1NiJ9.eyJlbWFpbCI6ImF4ZWx4MzNAaG90bWFpbC5jb20iLCJleHAiOjE2ODc2NTM5Mzh9.ARz8sgRMiK5DJfslt-XMOPQivUpwq6OvetnxBMPJwu4
INFO - 2023-06-24 23:54:26 --> Prueba test : object
INFO - 2023-06-24 23:54:26 --> Prueba test ----> : usuario1@example.com
INFO - 2023-06-24 23:54:26 --> Usuario buscado de la BD ----> : John
INFO - 2023-06-24 23:55:10 --> --Soy el filtro encontre estos permisos : eyJ0eXAiOiJKV1QiLCJhbGciOiJIUzI1NiJ9.eyJlbWFpbCI6ImF4ZWx4MzNAaG90bWFpbC5jb20iLCJleHAiOjE2ODc2NTM5Mzh9.ARz8sgRMiK5DJfslt-XMOPQivUpwq6OvetnxBMPJwu4
INFO - 2023-06-24 23:55:10 --> Prueba test : object
INFO - 2023-06-24 23:55:10 --> Prueba test ----> : usuario1@example.com
INFO - 2023-06-24 23:55:10 --> Usuario buscado de la BD ----> : John
INFO - 2023-06-24 23:56:00 --> --Soy el filtro encontre estos permisos : eyJ0eXAiOiJKV1QiLCJhbGciOiJIUzI1NiJ9.eyJlbWFpbCI6ImF4ZWx4MzNAaG90bWFpbC5jb20iLCJleHAiOjE2ODc2NTM5Mzh9.ARz8sgRMiK5DJfslt-XMOPQivUpwq6OvetnxBMPJwu4
INFO - 2023-06-24 23:56:00 --> Prueba test : object
INFO - 2023-06-24 23:56:00 --> Prueba test ----> : usuario1@example.com
INFO - 2023-06-24 23:56:00 --> Usuario buscado de la BD ----> : John
INFO - 2023-06-24 23:59:49 --> --Soy el filtro encontre estos permisos : eyJ0eXAiOiJKV1QiLCJhbGciOiJIUzI1NiJ9.eyJlbWFpbCI6ImF4ZWx4MzNAaG90bWFpbC5jb20iLCJleHAiOjE2ODc2NTM5Mzh9.ARz8sgRMiK5DJfslt-XMOPQivUpwq6OvetnxBMPJwu4
INFO - 2023-06-24 23:59:50 --> Prueba test : object
INFO - 2023-06-24 23:59:50 --> Prueba test ----> : usuario1@example.com
INFO - 2023-06-24 23:59:50 --> Usuario buscado de la BD ----> : John
