INFO - 2023-06-17 18:39:37 --> PaswordHash --> : $2y$10$vv3gWCzvoGppQG4TVUkvYuuWBTdC3DCHVmhZytv5j.8g73BBa/yJq
ERROR - 2023-06-17 18:39:40 --> Email: sendWithMail throwed ErrorException: mail(): Failed to connect to mailserver at &quot;localhost&quot; port 25, verify your &quot;SMTP&quot; and &quot;smtp_port&quot; setting in php.ini or use ini_set() in D:\XAMPP\htdocs\codeigniter4\vendor\codeigniter4\framework\system\Email\Email.php:1735
Stack trace:
#0 [internal function]: CodeIgniter\Debug\Exceptions->errorHandler(2, 'mail(): Failed ...', 'D:\\XAMPP\\htdocs...', 1735)
#1 D:\XAMPP\htdocs\codeigniter4\vendor\codeigniter4\framework\system\Email\Email.php(1735): mail('axelx33@hotmail...', '=?UTF-8?Q?Prueb...', 'Este es un corr...', 'Date: Sat, 17 J...', '-f axelx33@hotm...')
#2 D:\XAMPP\htdocs\codeigniter4\vendor\codeigniter4\framework\system\Email\Email.php(1667): CodeIgniter\Email\Email->sendWithMail()
#3 D:\XAMPP\htdocs\codeigniter4\vendor\codeigniter4\framework\system\Email\Email.php(1565): CodeIgniter\Email\Email->spoolEmail()
#4 D:\XAMPP\htdocs\codeigniter4\app\Controllers\Auth.php(96): CodeIgniter\Email\Email->send()
#5 D:\XAMPP\htdocs\codeigniter4\vendor\codeigniter4\framework\system\CodeIgniter.php(934): App\Controllers\Auth->registerUser()
#6 D:\XAMPP\htdocs\codeigniter4\vendor\codeigniter4\framework\system\CodeIgniter.php(499): CodeIgniter\CodeIgniter->runController(Object(App\Controllers\Auth))
#7 D:\XAMPP\htdocs\codeigniter4\vendor\codeigniter4\framework\system\CodeIgniter.php(368): CodeIgniter\CodeIgniter->handleRequest(NULL, Object(Config\Cache), false)
#8 D:\XAMPP\htdocs\codeigniter4\public\index.php(67): CodeIgniter\CodeIgniter->run()
#9 {main}
ERROR - 2023-06-17 18:39:40 --> Email: Unable to send email using PHP mail(). Your server might not be configured to send mail using this method.
ERROR - 2023-06-17 18:39:40 --> 
INFO - 2023-06-17 19:11:54 --> PaswordHash --> : $2y$10$mY8J4LPLO.xok7hddddWg.eKJTi47wK0qRG8HArxgbb6m4IndqG2a
ERROR - 2023-06-17 19:11:56 --> Email: sendWithMail throwed ErrorException: mail(): Failed to connect to mailserver at &quot;localhost&quot; port 25, verify your &quot;SMTP&quot; and &quot;smtp_port&quot; setting in php.ini or use ini_set() in D:\XAMPP\htdocs\codeigniter4\vendor\codeigniter4\framework\system\Email\Email.php:1735
Stack trace:
#0 [internal function]: CodeIgniter\Debug\Exceptions->errorHandler(2, 'mail(): Failed ...', 'D:\\XAMPP\\htdocs...', 1735)
#1 D:\XAMPP\htdocs\codeigniter4\vendor\codeigniter4\framework\system\Email\Email.php(1735): mail('axelx33@hotmail...', '=?UTF-8?Q?Prueb...', 'Este es un corr...', 'Date: Sat, 17 J...', '-f axelx33@hotm...')
#2 D:\XAMPP\htdocs\codeigniter4\vendor\codeigniter4\framework\system\Email\Email.php(1667): CodeIgniter\Email\Email->sendWithMail()
#3 D:\XAMPP\htdocs\codeigniter4\vendor\codeigniter4\framework\system\Email\Email.php(1565): CodeIgniter\Email\Email->spoolEmail()
#4 D:\XAMPP\htdocs\codeigniter4\app\Controllers\Auth.php(96): CodeIgniter\Email\Email->send()
#5 D:\XAMPP\htdocs\codeigniter4\vendor\codeigniter4\framework\system\CodeIgniter.php(934): App\Controllers\Auth->registerUser()
#6 D:\XAMPP\htdocs\codeigniter4\vendor\codeigniter4\framework\system\CodeIgniter.php(499): CodeIgniter\CodeIgniter->runController(Object(App\Controllers\Auth))
#7 D:\XAMPP\htdocs\codeigniter4\vendor\codeigniter4\framework\system\CodeIgniter.php(368): CodeIgniter\CodeIgniter->handleRequest(NULL, Object(Config\Cache), false)
#8 D:\XAMPP\htdocs\codeigniter4\public\index.php(67): CodeIgniter\CodeIgniter->run()
#9 {main}
ERROR - 2023-06-17 19:11:56 --> Email: Unable to send email using PHP mail(). Your server might not be configured to send mail using this method.
ERROR - 2023-06-17 19:11:56 --> 
INFO - 2023-06-17 19:15:04 --> PaswordHash --> : $2y$10$rHvGA4aUJ677nXo00nxYo.NGDqAZ5HlswMenyLQm.VaGHvZkAje32
ERROR - 2023-06-17 19:15:06 --> Email: sendWithMail throwed ErrorException: mail(): Failed to connect to mailserver at &quot;localhost&quot; port 25, verify your &quot;SMTP&quot; and &quot;smtp_port&quot; setting in php.ini or use ini_set() in D:\XAMPP\htdocs\codeigniter4\vendor\codeigniter4\framework\system\Email\Email.php:1735
Stack trace:
#0 [internal function]: CodeIgniter\Debug\Exceptions->errorHandler(2, 'mail(): Failed ...', 'D:\\XAMPP\\htdocs...', 1735)
#1 D:\XAMPP\htdocs\codeigniter4\vendor\codeigniter4\framework\system\Email\Email.php(1735): mail('axelx33@hotmail...', '=?UTF-8?Q?Prueb...', 'Este es un corr...', 'Date: Sat, 17 J...', '-f axelx33@hotm...')
#2 D:\XAMPP\htdocs\codeigniter4\vendor\codeigniter4\framework\system\Email\Email.php(1667): CodeIgniter\Email\Email->sendWithMail()
#3 D:\XAMPP\htdocs\codeigniter4\vendor\codeigniter4\framework\system\Email\Email.php(1565): CodeIgniter\Email\Email->spoolEmail()
#4 D:\XAMPP\htdocs\codeigniter4\app\Controllers\Auth.php(96): CodeIgniter\Email\Email->send()
#5 D:\XAMPP\htdocs\codeigniter4\vendor\codeigniter4\framework\system\CodeIgniter.php(934): App\Controllers\Auth->registerUser()
#6 D:\XAMPP\htdocs\codeigniter4\vendor\codeigniter4\framework\system\CodeIgniter.php(499): CodeIgniter\CodeIgniter->runController(Object(App\Controllers\Auth))
#7 D:\XAMPP\htdocs\codeigniter4\vendor\codeigniter4\framework\system\CodeIgniter.php(368): CodeIgniter\CodeIgniter->handleRequest(NULL, Object(Config\Cache), false)
#8 D:\XAMPP\htdocs\codeigniter4\public\index.php(67): CodeIgniter\CodeIgniter->run()
#9 {main}
ERROR - 2023-06-17 19:15:06 --> Email: Unable to send email using PHP mail(). Your server might not be configured to send mail using this method.
ERROR - 2023-06-17 19:15:06 --> 
CRITICAL - 2023-06-17 20:14:38 --> Object of class CodeIgniter\HTTP\Response could not be converted to string
in APPPATH\Controllers\User.php on line 18.
 1 SYSTEMPATH\CodeIgniter.php(934): App\Controllers\User->existsEmail()
 2 SYSTEMPATH\CodeIgniter.php(499): CodeIgniter\CodeIgniter->runController(Object(App\Controllers\User))
 3 SYSTEMPATH\CodeIgniter.php(368): CodeIgniter\CodeIgniter->handleRequest(null, Object(Config\Cache), false)
 4 FCPATH\index.php(67): CodeIgniter\CodeIgniter->run()
CRITICAL - 2023-06-17 21:43:27 --> Array to string conversion
in APPPATH\Controllers\User.php on line 15.
 1 APPPATH\Controllers\User.php(15): CodeIgniter\Debug\Exceptions->errorHandler(2, 'Array to string conversion', 'D:\\XAMPP\\htdocs\\codeigniter4\\app\\Controllers\\User.php', 15)
 2 SYSTEMPATH\CodeIgniter.php(934): App\Controllers\User->existsEmail()
 3 SYSTEMPATH\CodeIgniter.php(499): CodeIgniter\CodeIgniter->runController(Object(App\Controllers\User))
 4 SYSTEMPATH\CodeIgniter.php(368): CodeIgniter\CodeIgniter->handleRequest(null, Object(Config\Cache), false)
 5 FCPATH\index.php(67): CodeIgniter\CodeIgniter->run()
